<?xml version="1.0" encoding="utf-8" standalone="no"?>
<test-results xmlns:xsi="http://www.w3.org/2001/XMLSchema-instance" xsi:noNamespaceSchemaLocation="nunit_schema_2.5.xsd" name="Pester" total="9" errors="0" failures="0" not-run="0" inconclusive="0" ignored="0" skipped="0" invalid="0" date="2026-02-12" time="14:00:48">
  <environment user="root" nunit-version="2.5.8.0" clr-version="9.0.1" os-version="6.6.87.2-microsoft-standard-WSL2" machine-name="dfab52a26652" user-domain="" platform="Linux" cwd="/workspaces/PSMicrosoftTeams/src" />
  <culture-info current-culture="en-US" current-uiculture="en-US" />
  <test-suite type="TestFixture" name="Pester" executed="True" result="Success" success="True" time="1.1768" asserts="0" description="Pester">
    <results>
      <test-suite type="TestFixture" name="/workspaces/PSMicrosoftTeams/src/tests/functions/authentication/Connect-PSMicrosoftTeams.Tests.ps1" executed="True" result="Success" success="True" time="1.1768" asserts="0" description="/workspaces/PSMicrosoftTeams/src/tests/functions/authentication/Connect-PSMicrosoftTeams.Tests.ps1">
        <results>
          <test-suite type="TestFixture" name="Connect-PSMicrosoftTeams" executed="True" result="Success" success="True" time="0.7708" asserts="0" description="Connect-PSMicrosoftTeams">
            <results>
              <test-suite type="TestFixture" name="Connect-PSMicrosoftTeams.Parameter validation" executed="True" result="Success" success="True" time="0.4469" asserts="0" description="Connect-PSMicrosoftTeams.Parameter validation">
                <results>
                  <test-case description="Should have multiple parameter sets for auth flows" name="Connect-PSMicrosoftTeams.Parameter validation.Should have multiple parameter sets for auth flows" time="0.2579" asserts="0" success="True" result="Success" executed="True" />
                  <test-case description="Should have mandatory Service parameter" name="Connect-PSMicrosoftTeams.Parameter validation.Should have mandatory Service parameter" time="0.0317" asserts="0" success="True" result="Success" executed="True" />
                  <test-case description="Should have TenantId parameter" name="Connect-PSMicrosoftTeams.Parameter validation.Should have TenantId parameter" time="0.0122" asserts="0" success="True" result="Success" executed="True" />
                  <test-case description="Should have ClientId parameter" name="Connect-PSMicrosoftTeams.Parameter validation.Should have ClientId parameter" time="0.02" asserts="0" success="True" result="Success" executed="True" />
                  <test-case description="Should have Certificate parameter for Certificate flow" name="Connect-PSMicrosoftTeams.Parameter validation.Should have Certificate parameter for Certificate flow" time="0.0121" asserts="0" success="True" result="Success" executed="True" />
                  <test-case description="Should have ClientSecret parameter for AppSecret flow" name="Connect-PSMicrosoftTeams.Parameter validation.Should have ClientSecret parameter for AppSecret flow" time="0.0222" asserts="0" success="True" result="Success" executed="True" />
                  <test-case description="Should have Browser switch for Browser flow" name="Connect-PSMicrosoftTeams.Parameter validation.Should have Browser switch for Browser flow" time="0.0428" asserts="0" success="True" result="Success" executed="True" />
                  <test-case description="Should have DeviceCode switch for DeviceCode flow" name="Connect-PSMicrosoftTeams.Parameter validation.Should have DeviceCode switch for DeviceCode flow" time="0.0191" asserts="0" success="True" result="Success" executed="True" />
                </results>
              </test-suite>
              <test-suite type="TestFixture" name="Connect-PSMicrosoftTeams.Browser flow" executed="True" result="Success" success="True" time="0.7433" asserts="0" description="Connect-PSMicrosoftTeams.Browser flow">
                <results>
                  <test-case description="Should invoke Connect-EntraService internally" name="Connect-PSMicrosoftTeams.Browser flow.Should invoke Connect-EntraService internally" time="0.2881" asserts="0" success="True" result="Success" executed="True" />
                </results>
              </test-suite>
            </results>
          </test-suite>
        </results>
      </test-suite>
    </results>
  </test-suite>
</test-results>