<?xml version="1.0" encoding="utf-8" standalone="no"?>
<test-results xmlns:xsi="http://www.w3.org/2001/XMLSchema-instance" xsi:noNamespaceSchemaLocation="nunit_schema_2.5.xsd" name="Pester" total="8" errors="0" failures="0" not-run="0" inconclusive="0" ignored="0" skipped="0" invalid="0" date="2026-02-12" time="14:02:02">
  <environment user="root" nunit-version="2.5.8.0" clr-version="9.0.1" os-version="6.6.87.2-microsoft-standard-WSL2" machine-name="dfab52a26652" user-domain="" platform="Linux" cwd="/workspaces/PSMicrosoftTeams/src" />
  <culture-info current-culture="en-US" current-uiculture="en-US" />
  <test-suite type="TestFixture" name="Pester" executed="True" result="Success" success="True" time="0.3362" asserts="0" description="Pester">
    <results>
      <test-suite type="TestFixture" name="/workspaces/PSMicrosoftTeams/src/tests/functions/team/Set-PSMsTeamsTeam.Tests.ps1" executed="True" result="Success" success="True" time="0.3362" asserts="0" description="/workspaces/PSMicrosoftTeams/src/tests/functions/team/Set-PSMsTeamsTeam.Tests.ps1">
        <results>
          <test-suite type="TestFixture" name="Set-PSMsTeamsTeam" executed="True" result="Success" success="True" time="0.2179" asserts="0" description="Set-PSMsTeamsTeam">
            <results>
              <test-suite type="TestFixture" name="Set-PSMsTeamsTeam.Parameter validation" executed="True" result="Success" success="True" time="0.0931" asserts="0" description="Set-PSMsTeamsTeam.Parameter validation">
                <results>
                  <test-case description="Should support ShouldProcess" name="Set-PSMsTeamsTeam.Parameter validation.Should support ShouldProcess" time="0.024" asserts="0" success="True" result="Success" executed="True" />
                  <test-case description="Should have multiple parameter sets for different settings" name="Set-PSMsTeamsTeam.Parameter validation.Should have multiple parameter sets for different settings" time="0.0247" asserts="0" success="True" result="Success" executed="True" />
                  <test-case description="Should have valid Visibility values" name="Set-PSMsTeamsTeam.Parameter validation.Should have valid Visibility values" time="0.0278" asserts="0" success="True" result="Success" executed="True" />
                  <test-case description="Should have hashtable-typed settings parameters" name="Set-PSMsTeamsTeam.Parameter validation.Should have hashtable-typed settings parameters" time="0.0146" asserts="0" success="True" result="Success" executed="True" />
                </results>
              </test-suite>
              <test-suite type="TestFixture" name="Set-PSMsTeamsTeam.Identity parameter set" executed="True" result="Success" success="True" time="0.1417" asserts="0" description="Set-PSMsTeamsTeam.Identity parameter set">
                <results>
                  <test-case description="Should resolve team and call PATCH on teams endpoint" name="Set-PSMsTeamsTeam.Identity parameter set.Should resolve team and call PATCH on teams endpoint" time="0.0438" asserts="0" success="True" result="Success" executed="True" />
                </results>
              </test-suite>
              <test-suite type="TestFixture" name="Set-PSMsTeamsTeam.Pipeline input" executed="True" result="Success" success="True" time="0.2153" asserts="0" description="Set-PSMsTeamsTeam.Pipeline input">
                <results>
                  <test-case description="Should accept InputObject from pipeline" name="Set-PSMsTeamsTeam.Pipeline input.Should accept InputObject from pipeline" time="0.0146" asserts="0" success="True" result="Success" executed="True" />
                  <test-case description="Should accept Identity from pipeline by property name" name="Set-PSMsTeamsTeam.Pipeline input.Should accept Identity from pipeline by property name" time="0.0179" asserts="0" success="True" result="Success" executed="True" />
                  <test-case description="Should process InputObject piped via pipeline" name="Set-PSMsTeamsTeam.Pipeline input.Should process InputObject piped via pipeline" time="0.039" asserts="0" success="True" result="Success" executed="True" />
                </results>
              </test-suite>
            </results>
          </test-suite>
        </results>
      </test-suite>
    </results>
  </test-suite>
</test-results>