<?xml version="1.0" encoding="utf-8" standalone="no"?>
<test-results xmlns:xsi="http://www.w3.org/2001/XMLSchema-instance" xsi:noNamespaceSchemaLocation="nunit_schema_2.5.xsd" name="Pester" total="12" errors="0" failures="0" not-run="0" inconclusive="0" ignored="0" skipped="0" invalid="0" date="2026-02-12" time="14:02:02">
  <environment user="root" nunit-version="2.5.8.0" clr-version="9.0.1" os-version="6.6.87.2-microsoft-standard-WSL2" machine-name="dfab52a26652" user-domain="" platform="Linux" cwd="/workspaces/PSMicrosoftTeams/src" />
  <culture-info current-culture="en-US" current-uiculture="en-US" />
  <test-suite type="TestFixture" name="Pester" executed="True" result="Success" success="True" time="0.4341" asserts="0" description="Pester">
    <results>
      <test-suite type="TestFixture" name="/workspaces/PSMicrosoftTeams/src/tests/functions/team/Set-PSMsTeamsTeamLabel.Tests.ps1" executed="True" result="Success" success="True" time="0.4341" asserts="0" description="/workspaces/PSMicrosoftTeams/src/tests/functions/team/Set-PSMsTeamsTeamLabel.Tests.ps1">
        <results>
          <test-suite type="TestFixture" name="Set-PSMsTeamsTeamLabel" executed="True" result="Success" success="True" time="0.3365" asserts="0" description="Set-PSMsTeamsTeamLabel">
            <results>
              <test-suite type="TestFixture" name="Set-PSMsTeamsTeamLabel.Parameter validation" executed="True" result="Success" success="True" time="0.099" asserts="0" description="Set-PSMsTeamsTeamLabel.Parameter validation">
                <results>
                  <test-case description="Should support ShouldProcess" name="Set-PSMsTeamsTeamLabel.Parameter validation.Should support ShouldProcess" time="0.0205" asserts="0" success="True" result="Success" executed="True" />
                  <test-case description="Should have LabelId parameter" name="Set-PSMsTeamsTeamLabel.Parameter validation.Should have LabelId parameter" time="0.0134" asserts="0" success="True" result="Success" executed="True" />
                  <test-case description="Should have LabelName parameter" name="Set-PSMsTeamsTeamLabel.Parameter validation.Should have LabelName parameter" time="0.0211" asserts="0" success="True" result="Success" executed="True" />
                  <test-case description="Should have Identity parameter with aliases" name="Set-PSMsTeamsTeamLabel.Parameter validation.Should have Identity parameter with aliases" time="0.0199" asserts="0" success="True" result="Success" executed="True" />
                  <test-case description="Should have multiple parameter sets for LabelId and LabelName" name="Set-PSMsTeamsTeamLabel.Parameter validation.Should have multiple parameter sets for LabelId and LabelName" time="0.0201" asserts="0" success="True" result="Success" executed="True" />
                </results>
              </test-suite>
              <test-suite type="TestFixture" name="Set-PSMsTeamsTeamLabel.Identity with LabelId parameter set" executed="True" result="Success" success="True" time="0.157" asserts="0" description="Set-PSMsTeamsTeamLabel.Identity with LabelId parameter set">
                <results>
                  <test-case description="Should resolve team and call PATCH on groups endpoint with assignedLabels body" name="Set-PSMsTeamsTeamLabel.Identity with LabelId parameter set.Should resolve team and call PATCH on groups endpoint with assignedLabels body" time="0.0546" asserts="0" success="True" result="Success" executed="True" />
                </results>
              </test-suite>
              <test-suite type="TestFixture" name="Set-PSMsTeamsTeamLabel.Identity with LabelName only parameter set" executed="True" result="Success" success="True" time="0.2019" asserts="0" description="Set-PSMsTeamsTeamLabel.Identity with LabelName only parameter set">
                <results>
                  <test-case description="Should resolve label from current group labels and call PATCH" name="Set-PSMsTeamsTeamLabel.Identity with LabelName only parameter set.Should resolve label from current group labels and call PATCH" time="0.0428" asserts="0" success="True" result="Success" executed="True" />
                </results>
              </test-suite>
              <test-suite type="TestFixture" name="Set-PSMsTeamsTeamLabel.Error handling" executed="True" result="Success" success="True" time="0.2491" asserts="0" description="Set-PSMsTeamsTeamLabel.Error handling">
                <results>
                  <test-case description="Should assert connection before executing" name="Set-PSMsTeamsTeamLabel.Error handling.Should assert connection before executing" time="0.028" asserts="0" success="True" result="Success" executed="True" />
                  <test-case description="Should have EnableException parameter" name="Set-PSMsTeamsTeamLabel.Error handling.Should have EnableException parameter" time="0.0171" asserts="0" success="True" result="Success" executed="True" />
                </results>
              </test-suite>
              <test-suite type="TestFixture" name="Set-PSMsTeamsTeamLabel.Pipeline input" executed="True" result="Success" success="True" time="0.3317" asserts="0" description="Set-PSMsTeamsTeamLabel.Pipeline input">
                <results>
                  <test-case description="Should accept InputObject from pipeline" name="Set-PSMsTeamsTeamLabel.Pipeline input.Should accept InputObject from pipeline" time="0.0214" asserts="0" success="True" result="Success" executed="True" />
                  <test-case description="Should accept Identity from pipeline by property name" name="Set-PSMsTeamsTeamLabel.Pipeline input.Should accept Identity from pipeline by property name" time="0.0204" asserts="0" success="True" result="Success" executed="True" />
                  <test-case description="Should process InputObject piped via pipeline" name="Set-PSMsTeamsTeamLabel.Pipeline input.Should process InputObject piped via pipeline" time="0.0385" asserts="0" success="True" result="Success" executed="True" />
                </results>
              </test-suite>
            </results>
          </test-suite>
        </results>
      </test-suite>
    </results>
  </test-suite>
</test-results>