<?xml version="1.0" encoding="utf-8" standalone="no"?>
<test-results xmlns:xsi="http://www.w3.org/2001/XMLSchema-instance" xsi:noNamespaceSchemaLocation="nunit_schema_2.5.xsd" name="Pester" total="2" errors="0" failures="0" not-run="0" inconclusive="0" ignored="0" skipped="0" invalid="0" date="2026-02-12" time="14:01:09">
  <environment user="root" nunit-version="2.5.8.0" clr-version="9.0.1" os-version="6.6.87.2-microsoft-standard-WSL2" machine-name="dfab52a26652" user-domain="" platform="Linux" cwd="/workspaces/PSMicrosoftTeams/src" />
  <culture-info current-culture="en-US" current-uiculture="en-US" />
  <test-suite type="TestFixture" name="Pester" executed="True" result="Success" success="True" time="0.1226" asserts="0" description="Pester">
    <results>
      <test-suite type="TestFixture" name="/workspaces/PSMicrosoftTeams/src/tests/functions/core/Get-PSMsTeamsCommandRetry.Tests.ps1" executed="True" result="Success" success="True" time="0.1226" asserts="0" description="/workspaces/PSMicrosoftTeams/src/tests/functions/core/Get-PSMsTeamsCommandRetry.Tests.ps1">
        <results>
          <test-suite type="TestFixture" name="Get-PSMsTeamsCommandRetry" executed="True" result="Success" success="True" time="0.0365" asserts="0" description="Get-PSMsTeamsCommandRetry">
            <results>
              <test-suite type="TestFixture" name="Get-PSMsTeamsCommandRetry.Parameter validation" executed="True" result="Success" success="True" time="0.0101" asserts="0" description="Get-PSMsTeamsCommandRetry.Parameter validation">
                <results>
                  <test-case description="Should exist as an exported function" name="Get-PSMsTeamsCommandRetry.Parameter validation.Should exist as an exported function" time="0.0082" asserts="0" success="True" result="Success" executed="True" />
                </results>
              </test-suite>
              <test-suite type="TestFixture" name="Get-PSMsTeamsCommandRetry.Retry configuration retrieval" executed="True" result="Success" success="True" time="0.0338" asserts="0" description="Get-PSMsTeamsCommandRetry.Retry configuration retrieval">
                <results>
                  <test-case description="Should return retry count and wait values" name="Get-PSMsTeamsCommandRetry.Retry configuration retrieval.Should return retry count and wait values" time="0.0217" asserts="0" success="True" result="Success" executed="True" />
                </results>
              </test-suite>
            </results>
          </test-suite>
        </results>
      </test-suite>
    </results>
  </test-suite>
</test-results>