<?xml version="1.0" encoding="utf-8" standalone="no"?>
<test-results xmlns:xsi="http://www.w3.org/2001/XMLSchema-instance" xsi:noNamespaceSchemaLocation="nunit_schema_2.5.xsd" name="Pester" total="18" errors="0" failures="0" not-run="0" inconclusive="0" ignored="0" skipped="0" invalid="0" date="2026-02-12" time="14:02:03">
  <environment user="root" nunit-version="2.5.8.0" clr-version="9.0.1" os-version="6.6.87.2-microsoft-standard-WSL2" machine-name="dfab52a26652" user-domain="" platform="Linux" cwd="/workspaces/PSMicrosoftTeams/src" />
  <culture-info current-culture="en-US" current-uiculture="en-US" />
  <test-suite type="TestFixture" name="Pester" executed="True" result="Success" success="True" time="0.8412" asserts="0" description="Pester">
    <results>
      <test-suite type="TestFixture" name="/workspaces/PSMicrosoftTeams/src/tests/functions/user/Get-PSMsTeamsTeamUser.Tests.ps1" executed="True" result="Success" success="True" time="0.8412" asserts="0" description="/workspaces/PSMicrosoftTeams/src/tests/functions/user/Get-PSMsTeamsTeamUser.Tests.ps1">
        <results>
          <test-suite type="TestFixture" name="Get-PSMsTeamsTeamUser" executed="True" result="Success" success="True" time="0.6939" asserts="0" description="Get-PSMsTeamsTeamUser">
            <results>
              <test-suite type="TestFixture" name="Get-PSMsTeamsTeamUser.Parameter validation" executed="True" result="Success" success="True" time="0.254" asserts="0" description="Get-PSMsTeamsTeamUser.Parameter validation">
                <results>
                  <test-case description="Should have correct OutputType" name="Get-PSMsTeamsTeamUser.Parameter validation.Should have correct OutputType" time="0.0295" asserts="0" success="True" result="Success" executed="True" />
                  <test-case description="Should have Identity parameter with aliases" name="Get-PSMsTeamsTeamUser.Parameter validation.Should have Identity parameter with aliases" time="0.0246" asserts="0" success="True" result="Success" executed="True" />
                  <test-case description="Should have Name parameter (not DisplayName)" name="Get-PSMsTeamsTeamUser.Parameter validation.Should have Name parameter (not DisplayName)" time="0.029" asserts="0" success="True" result="Success" executed="True" />
                  <test-case description="Should have CompanyName parameter" name="Get-PSMsTeamsTeamUser.Parameter validation.Should have CompanyName parameter" time="0.0258" asserts="0" success="True" result="Success" executed="True" />
                  <test-case description="Should have Disabled switch parameter" name="Get-PSMsTeamsTeamUser.Parameter validation.Should have Disabled switch parameter" time="0.025" asserts="0" success="True" result="Success" executed="True" />
                  <test-case description="Should have AdvancedFilter switch parameter" name="Get-PSMsTeamsTeamUser.Parameter validation.Should have AdvancedFilter switch parameter" time="0.0256" asserts="0" success="True" result="Success" executed="True" />
                  <test-case description="Should have All switch parameter" name="Get-PSMsTeamsTeamUser.Parameter validation.Should have All switch parameter" time="0.0214" asserts="0" success="True" result="Success" executed="True" />
                  <test-case description="Should have Filter parameter" name="Get-PSMsTeamsTeamUser.Parameter validation.Should have Filter parameter" time="0.0314" asserts="0" success="True" result="Success" executed="True" />
                  <test-case description="Should accept Identity from pipeline by value" name="Get-PSMsTeamsTeamUser.Parameter validation.Should accept Identity from pipeline by value" time="0.0391" asserts="0" success="True" result="Success" executed="True" />
                </results>
              </test-suite>
              <test-suite type="TestFixture" name="Get-PSMsTeamsTeamUser.Identity parameter set" executed="True" result="Success" success="True" time="0.3726" asserts="0" description="Get-PSMsTeamsTeamUser.Identity parameter set">
                <results>
                  <test-case description="Should query users/{id} endpoint for GUID identity" name="Get-PSMsTeamsTeamUser.Identity parameter set.Should query users/{id} endpoint for GUID identity" time="0.0648" asserts="0" success="True" result="Success" executed="True" />
                  <test-case description="Should query users endpoint with filter for email/UPN identity" name="Get-PSMsTeamsTeamUser.Identity parameter set.Should query users endpoint with filter for email/UPN identity" time="0.0488" asserts="0" success="True" result="Success" executed="True" />
                </results>
              </test-suite>
              <test-suite type="TestFixture" name="Get-PSMsTeamsTeamUser.Name parameter set" executed="True" result="Success" success="True" time="0.4145" asserts="0" description="Get-PSMsTeamsTeamUser.Name parameter set">
                <results>
                  <test-case description="Should query users endpoint with displayName/givenName/surName filter" name="Get-PSMsTeamsTeamUser.Name parameter set.Should query users endpoint with displayName/givenName/surName filter" time="0.0394" asserts="0" success="True" result="Success" executed="True" />
                </results>
              </test-suite>
              <test-suite type="TestFixture" name="Get-PSMsTeamsTeamUser.Hashtable clone fix verification" executed="True" result="Success" success="True" time="0.4919" asserts="0" description="Get-PSMsTeamsTeamUser.Hashtable clone fix verification">
                <results>
                  <test-case description="Should not contaminate query across pipeline items" name="Get-PSMsTeamsTeamUser.Hashtable clone fix verification.Should not contaminate query across pipeline items" time="0.0748" asserts="0" success="True" result="Success" executed="True" />
                </results>
              </test-suite>
              <test-suite type="TestFixture" name="Get-PSMsTeamsTeamUser.Error handling" executed="True" result="Success" success="True" time="0.5382" asserts="0" description="Get-PSMsTeamsTeamUser.Error handling">
                <results>
                  <test-case description="Should assert connection before executing" name="Get-PSMsTeamsTeamUser.Error handling.Should assert connection before executing" time="0.0232" asserts="0" success="True" result="Success" executed="True" />
                  <test-case description="Should have EnableException parameter" name="Get-PSMsTeamsTeamUser.Error handling.Should have EnableException parameter" time="0.021" asserts="0" success="True" result="Success" executed="True" />
                </results>
              </test-suite>
              <test-suite type="TestFixture" name="Get-PSMsTeamsTeamUser.Pipeline input" executed="True" result="Success" success="True" time="0.6159" asserts="0" description="Get-PSMsTeamsTeamUser.Pipeline input">
                <results>
                  <test-case description="Should accept multiple Identity values from pipeline" name="Get-PSMsTeamsTeamUser.Pipeline input.Should accept multiple Identity values from pipeline" time="0.0757" asserts="0" success="True" result="Success" executed="True" />
                </results>
              </test-suite>
              <test-suite type="TestFixture" name="Get-PSMsTeamsTeamUser.Parameter sets" executed="True" result="Success" success="True" time="0.6907" asserts="0" description="Get-PSMsTeamsTeamUser.Parameter sets">
                <results>
                  <test-case description="Should have Identity as default parameter set" name="Get-PSMsTeamsTeamUser.Parameter sets.Should have Identity as default parameter set" time="0.0356" asserts="0" success="True" result="Success" executed="True" />
                  <test-case description="Should have Identity, Name, CompanyName, Filter, All parameter sets" name="Get-PSMsTeamsTeamUser.Parameter sets.Should have Identity, Name, CompanyName, Filter, All parameter sets" time="0.0328" asserts="0" success="True" result="Success" executed="True" />
                </results>
              </test-suite>
            </results>
          </test-suite>
        </results>
      </test-suite>
    </results>
  </test-suite>
</test-results>