<?xml version="1.0" encoding="utf-8" standalone="no"?>
<test-results xmlns:xsi="http://www.w3.org/2001/XMLSchema-instance" xsi:noNamespaceSchemaLocation="nunit_schema_2.5.xsd" name="Pester" total="5" errors="0" failures="0" not-run="0" inconclusive="0" ignored="0" skipped="0" invalid="0" date="2026-02-12" time="14:02:03">
  <environment user="root" nunit-version="2.5.8.0" clr-version="9.0.1" os-version="6.6.87.2-microsoft-standard-WSL2" machine-name="dfab52a26652" user-domain="" platform="Linux" cwd="/workspaces/PSMicrosoftTeams/src" />
  <culture-info current-culture="en-US" current-uiculture="en-US" />
  <test-suite type="TestFixture" name="Pester" executed="True" result="Success" success="True" time="0.2456" asserts="0" description="Pester">
    <results>
      <test-suite type="TestFixture" name="/workspaces/PSMicrosoftTeams/src/tests/functions/team/Unprotect-PSMsTeamsTeam.Tests.ps1" executed="True" result="Success" success="True" time="0.2456" asserts="0" description="/workspaces/PSMicrosoftTeams/src/tests/functions/team/Unprotect-PSMsTeamsTeam.Tests.ps1">
        <results>
          <test-suite type="TestFixture" name="Unprotect-PSMsTeamsTeam" executed="True" result="Success" success="True" time="0.1584" asserts="0" description="Unprotect-PSMsTeamsTeam">
            <results>
              <test-suite type="TestFixture" name="Unprotect-PSMsTeamsTeam.Parameter validation" executed="True" result="Success" success="True" time="0.0235" asserts="0" description="Unprotect-PSMsTeamsTeam.Parameter validation">
                <results>
                  <test-case description="Should support ShouldProcess" name="Unprotect-PSMsTeamsTeam.Parameter validation.Should support ShouldProcess" time="0.0217" asserts="0" success="True" result="Success" executed="True" />
                </results>
              </test-suite>
              <test-suite type="TestFixture" name="Unprotect-PSMsTeamsTeam.Identity parameter set" executed="True" result="Success" success="True" time="0.0855" asserts="0" description="Unprotect-PSMsTeamsTeam.Identity parameter set">
                <results>
                  <test-case description="Should call POST on teams/{id}/unarchive endpoint" name="Unprotect-PSMsTeamsTeam.Identity parameter set.Should call POST on teams/{id}/unarchive endpoint" time="0.0598" asserts="0" success="True" result="Success" executed="True" />
                </results>
              </test-suite>
              <test-suite type="TestFixture" name="Unprotect-PSMsTeamsTeam.Pipeline input" executed="True" result="Success" success="True" time="0.1547" asserts="0" description="Unprotect-PSMsTeamsTeam.Pipeline input">
                <results>
                  <test-case description="Should accept InputObject from pipeline" name="Unprotect-PSMsTeamsTeam.Pipeline input.Should accept InputObject from pipeline" time="0.0196" asserts="0" success="True" result="Success" executed="True" />
                  <test-case description="Should accept Identity from pipeline by property name" name="Unprotect-PSMsTeamsTeam.Pipeline input.Should accept Identity from pipeline by property name" time="0.0148" asserts="0" success="True" result="Success" executed="True" />
                  <test-case description="Should process InputObject piped via pipeline" name="Unprotect-PSMsTeamsTeam.Pipeline input.Should process InputObject piped via pipeline" time="0.0328" asserts="0" success="True" result="Success" executed="True" />
                </results>
              </test-suite>
            </results>
          </test-suite>
        </results>
      </test-suite>
    </results>
  </test-suite>
</test-results>