<?xml version="1.0" encoding="utf-8" standalone="no"?>
<test-results xmlns:xsi="http://www.w3.org/2001/XMLSchema-instance" xsi:noNamespaceSchemaLocation="nunit_schema_2.5.xsd" name="Pester" total="16" errors="0" failures="0" not-run="0" inconclusive="0" ignored="0" skipped="0" invalid="0" date="2026-02-12" time="14:01:27">
  <environment user="root" nunit-version="2.5.8.0" clr-version="9.0.1" os-version="6.6.87.2-microsoft-standard-WSL2" machine-name="dfab52a26652" user-domain="" platform="Linux" cwd="/workspaces/PSMicrosoftTeams/src" />
  <culture-info current-culture="en-US" current-uiculture="en-US" />
  <test-suite type="TestFixture" name="Pester" executed="True" result="Success" success="True" time="0.6979" asserts="0" description="Pester">
    <results>
      <test-suite type="TestFixture" name="/workspaces/PSMicrosoftTeams/src/tests/functions/team/Get-PSMsTeamsTeam.Tests.ps1" executed="True" result="Success" success="True" time="0.6979" asserts="0" description="/workspaces/PSMicrosoftTeams/src/tests/functions/team/Get-PSMsTeamsTeam.Tests.ps1">
        <results>
          <test-suite type="TestFixture" name="Get-PSMsTeamsTeam" executed="True" result="Success" success="True" time="0.6109" asserts="0" description="Get-PSMsTeamsTeam">
            <results>
              <test-suite type="TestFixture" name="Get-PSMsTeamsTeam.Parameter validation" executed="True" result="Success" success="True" time="0.1902" asserts="0" description="Get-PSMsTeamsTeam.Parameter validation">
                <results>
                  <test-case description="Should have Identity as default parameter set" name="Get-PSMsTeamsTeam.Parameter validation.Should have Identity as default parameter set" time="0.0216" asserts="0" success="True" result="Success" executed="True" />
                  <test-case description="Should have mandatory Identity parameter" name="Get-PSMsTeamsTeam.Parameter validation.Should have mandatory Identity parameter" time="0.0213" asserts="0" success="True" result="Success" executed="True" />
                  <test-case description="Should have mandatory DisplayName parameter" name="Get-PSMsTeamsTeam.Parameter validation.Should have mandatory DisplayName parameter" time="0.0235" asserts="0" success="True" result="Success" executed="True" />
                  <test-case description="Should have mandatory Filter parameter" name="Get-PSMsTeamsTeam.Parameter validation.Should have mandatory Filter parameter" time="0.0186" asserts="0" success="True" result="Success" executed="True" />
                  <test-case description="Should have All switch parameter" name="Get-PSMsTeamsTeam.Parameter validation.Should have All switch parameter" time="0.0174" asserts="0" success="True" result="Success" executed="True" />
                  <test-case description="Should have EnableException switch parameter" name="Get-PSMsTeamsTeam.Parameter validation.Should have EnableException switch parameter" time="0.0187" asserts="0" success="True" result="Success" executed="True" />
                  <test-case description="Should declare correct OutputType" name="Get-PSMsTeamsTeam.Parameter validation.Should declare correct OutputType" time="0.0194" asserts="0" success="True" result="Success" executed="True" />
                  <test-case description="Should accept Identity from pipeline" name="Get-PSMsTeamsTeam.Parameter validation.Should accept Identity from pipeline" time="0.0237" asserts="0" success="True" result="Success" executed="True" />
                  <test-case description="Should have correct aliases for Identity" name="Get-PSMsTeamsTeam.Parameter validation.Should have correct aliases for Identity" time="0.0226" asserts="0" success="True" result="Success" executed="True" />
                </results>
              </test-suite>
              <test-suite type="TestFixture" name="Get-PSMsTeamsTeam.Identity parameter set" executed="True" result="Success" success="True" time="0.3055" asserts="0" description="Get-PSMsTeamsTeam.Identity parameter set">
                <results>
                  <test-case description="Should call Invoke-EntraRequest with groups path for identity lookup" name="Get-PSMsTeamsTeam.Identity parameter set.Should call Invoke-EntraRequest with groups path for identity lookup" time="0.0586" asserts="0" success="True" result="Success" executed="True" />
                  <test-case description="Should process multiple identities" name="Get-PSMsTeamsTeam.Identity parameter set.Should process multiple identities" time="0.055" asserts="0" success="True" result="Success" executed="True" />
                </results>
              </test-suite>
              <test-suite type="TestFixture" name="Get-PSMsTeamsTeam.DisplayName parameter set" executed="True" result="Success" success="True" time="0.3458" asserts="0" description="Get-PSMsTeamsTeam.DisplayName parameter set">
                <results>
                  <test-case description="Should query teams endpoint with displayName filter" name="Get-PSMsTeamsTeam.DisplayName parameter set.Should query teams endpoint with displayName filter" time="0.0343" asserts="0" success="True" result="Success" executed="True" />
                </results>
              </test-suite>
              <test-suite type="TestFixture" name="Get-PSMsTeamsTeam.All parameter set" executed="True" result="Success" success="True" time="0.3911" asserts="0" description="Get-PSMsTeamsTeam.All parameter set">
                <results>
                  <test-case description="Should query teams endpoint without filter" name="Get-PSMsTeamsTeam.All parameter set.Should query teams endpoint without filter" time="0.0428" asserts="0" success="True" result="Success" executed="True" />
                </results>
              </test-suite>
              <test-suite type="TestFixture" name="Get-PSMsTeamsTeam.Error handling" executed="True" result="Success" success="True" time="0.4387" asserts="0" description="Get-PSMsTeamsTeam.Error handling">
                <results>
                  <test-case description="Should assert connection before executing" name="Get-PSMsTeamsTeam.Error handling.Should assert connection before executing" time="0.0456" asserts="0" success="True" result="Success" executed="True" />
                </results>
              </test-suite>
              <test-suite type="TestFixture" name="Get-PSMsTeamsTeam.Hashtable clone fix verification" executed="True" result="Success" success="True" time="0.5389" asserts="0" description="Get-PSMsTeamsTeam.Hashtable clone fix verification">
                <results>
                  <test-case description="Should not contaminate query across multiple pipeline items" name="Get-PSMsTeamsTeam.Hashtable clone fix verification.Should not contaminate query across multiple pipeline items" time="0.0981" asserts="0" success="True" result="Success" executed="True" />
                </results>
              </test-suite>
              <test-suite type="TestFixture" name="Get-PSMsTeamsTeam.Pipeline input" executed="True" result="Success" success="True" time="0.6061" asserts="0" description="Get-PSMsTeamsTeam.Pipeline input">
                <results>
                  <test-case description="Should accept Identity from pipeline by value" name="Get-PSMsTeamsTeam.Pipeline input.Should accept Identity from pipeline by value" time="0.0628" asserts="0" success="True" result="Success" executed="True" />
                </results>
              </test-suite>
            </results>
          </test-suite>
        </results>
      </test-suite>
    </results>
  </test-suite>
</test-results>