<?xml version="1.0" encoding="utf-8" standalone="no"?>
<test-results xmlns:xsi="http://www.w3.org/2001/XMLSchema-instance" xsi:noNamespaceSchemaLocation="nunit_schema_2.5.xsd" name="Pester" total="16" errors="0" failures="0" not-run="0" inconclusive="0" ignored="0" skipped="0" invalid="0" date="2026-02-12" time="14:00:51">
  <environment user="root" nunit-version="2.5.8.0" clr-version="9.0.1" os-version="6.6.87.2-microsoft-standard-WSL2" machine-name="dfab52a26652" user-domain="" platform="Linux" cwd="/workspaces/PSMicrosoftTeams/src" />
  <culture-info current-culture="en-US" current-uiculture="en-US" />
  <test-suite type="TestFixture" name="Pester" executed="True" result="Success" success="True" time="15.7349" asserts="0" description="Pester">
    <results>
      <test-suite type="TestFixture" name="/workspaces/PSMicrosoftTeams/src/tests/functions/channel/Get-PSMsTeamsTeamChannel.Tests.ps1" executed="True" result="Success" success="True" time="15.7349" asserts="0" description="/workspaces/PSMicrosoftTeams/src/tests/functions/channel/Get-PSMsTeamsTeamChannel.Tests.ps1">
        <results>
          <test-suite type="TestFixture" name="Get-PSMsTeamsTeamChannel" executed="True" result="Success" success="True" time="15.6647" asserts="0" description="Get-PSMsTeamsTeamChannel">
            <results>
              <test-suite type="TestFixture" name="Get-PSMsTeamsTeamChannel.Parameter validation" executed="True" result="Success" success="True" time="0.1569" asserts="0" description="Get-PSMsTeamsTeamChannel.Parameter validation">
                <results>
                  <test-case description="Should have correct OutputType" name="Get-PSMsTeamsTeamChannel.Parameter validation.Should have correct OutputType" time="0.0283" asserts="0" success="True" result="Success" executed="True" />
                  <test-case description="Should have Identity parameter with aliases" name="Get-PSMsTeamsTeamChannel.Parameter validation.Should have Identity parameter with aliases" time="0.0223" asserts="0" success="True" result="Success" executed="True" />
                  <test-case description="Should have Channel parameter with ChannelId alias" name="Get-PSMsTeamsTeamChannel.Parameter validation.Should have Channel parameter with ChannelId alias" time="0.0226" asserts="0" success="True" result="Success" executed="True" />
                  <test-case description="Should have DisplayName parameter" name="Get-PSMsTeamsTeamChannel.Parameter validation.Should have DisplayName parameter" time="0.0245" asserts="0" success="True" result="Success" executed="True" />
                  <test-case description="Should have MembershipType parameter with ValidateSet" name="Get-PSMsTeamsTeamChannel.Parameter validation.Should have MembershipType parameter with ValidateSet" time="0.0166" asserts="0" success="True" result="Success" executed="True" />
                  <test-case description="Should have ChannelType parameter with ValidateSet" name="Get-PSMsTeamsTeamChannel.Parameter validation.Should have ChannelType parameter with ValidateSet" time="0.0193" asserts="0" success="True" result="Success" executed="True" />
                  <test-case description="Should have EnableException parameter" name="Get-PSMsTeamsTeamChannel.Parameter validation.Should have EnableException parameter" time="0.0194" asserts="0" success="True" result="Success" executed="True" />
                </results>
              </test-suite>
              <test-suite type="TestFixture" name="Get-PSMsTeamsTeamChannel.Channel retrieval by team Identity" executed="True" result="Success" success="True" time="0.3357" asserts="0" description="Get-PSMsTeamsTeamChannel.Channel retrieval by team Identity">
                <results>
                  <test-case description="Should resolve team and query channels endpoint" name="Get-PSMsTeamsTeamChannel.Channel retrieval by team Identity.Should resolve team and query channels endpoint" time="0.1242" asserts="0" success="True" result="Success" executed="True" />
                  <test-case description="Should query specific channel when ChannelId is provided" name="Get-PSMsTeamsTeamChannel.Channel retrieval by team Identity.Should query specific channel when ChannelId is provided" time="0.0509" asserts="0" success="True" result="Success" executed="True" />
                </results>
              </test-suite>
              <test-suite type="TestFixture" name="Get-PSMsTeamsTeamChannel.Error handling" executed="True" result="Success" success="True" time="0.3683" asserts="0" description="Get-PSMsTeamsTeamChannel.Error handling">
                <results>
                  <test-case description="Should assert connection before executing" name="Get-PSMsTeamsTeamChannel.Error handling.Should assert connection before executing" time="0.0269" asserts="0" success="True" result="Success" executed="True" />
                </results>
              </test-suite>
              <test-suite type="TestFixture" name="Get-PSMsTeamsTeamChannel.Parameter sets" executed="True" result="Success" success="True" time="0.4071" asserts="0" description="Get-PSMsTeamsTeamChannel.Parameter sets">
                <results>
                  <test-case description="Should have IdentityChannelType as default parameter set" name="Get-PSMsTeamsTeamChannel.Parameter sets.Should have IdentityChannelType as default parameter set" time="0.0167" asserts="0" success="True" result="Success" executed="True" />
                  <test-case description="Should have multiple parameter sets for different query modes" name="Get-PSMsTeamsTeamChannel.Parameter sets.Should have multiple parameter sets for different query modes" time="0.0196" asserts="0" success="True" result="Success" executed="True" />
                </results>
              </test-suite>
              <test-suite type="TestFixture" name="Get-PSMsTeamsTeamChannel.DisplayName parameter set" executed="True" result="Success" success="True" time="15.5631" asserts="0" description="Get-PSMsTeamsTeamChannel.DisplayName parameter set">
                <results>
                  <test-case description="Should query channels filtering by displayName" name="Get-PSMsTeamsTeamChannel.DisplayName parameter set.Should query channels filtering by displayName" time="15.1536" asserts="0" success="True" result="Success" executed="True" />
                </results>
              </test-suite>
              <test-suite type="TestFixture" name="Get-PSMsTeamsTeamChannel.MembershipType parameter set" executed="True" result="Success" success="True" time="15.6152" asserts="0" description="Get-PSMsTeamsTeamChannel.MembershipType parameter set">
                <results>
                  <test-case description="Should query allChannels with membershipType filter" name="Get-PSMsTeamsTeamChannel.MembershipType parameter set.Should query allChannels with membershipType filter" time="0.0483" asserts="0" success="True" result="Success" executed="True" />
                </results>
              </test-suite>
              <test-suite type="TestFixture" name="Get-PSMsTeamsTeamChannel.Pipeline input" executed="True" result="Success" success="True" time="15.6599" asserts="0" description="Get-PSMsTeamsTeamChannel.Pipeline input">
                <results>
                  <test-case description="Should accept Identity from pipeline by property name" name="Get-PSMsTeamsTeamChannel.Pipeline input.Should accept Identity from pipeline by property name" time="0.0219" asserts="0" success="True" result="Success" executed="True" />
                  <test-case description="Should accept Channel from pipeline by property name" name="Get-PSMsTeamsTeamChannel.Pipeline input.Should accept Channel from pipeline by property name" time="0.0196" asserts="0" success="True" result="Success" executed="True" />
                </results>
              </test-suite>
            </results>
          </test-suite>
        </results>
      </test-suite>
    </results>
  </test-suite>
</test-results>