<?xml version="1.0" encoding="utf-8" standalone="no"?>
<test-results xmlns:xsi="http://www.w3.org/2001/XMLSchema-instance" xsi:noNamespaceSchemaLocation="nunit_schema_2.5.xsd" name="Pester" total="11" errors="0" failures="0" not-run="0" inconclusive="0" ignored="0" skipped="0" invalid="0" date="2026-02-12" time="14:02:00">
  <environment user="root" nunit-version="2.5.8.0" clr-version="9.0.1" os-version="6.6.87.2-microsoft-standard-WSL2" machine-name="dfab52a26652" user-domain="" platform="Linux" cwd="/workspaces/PSMicrosoftTeams/src" />
  <culture-info current-culture="en-US" current-uiculture="en-US" />
  <test-suite type="TestFixture" name="Pester" executed="True" result="Success" success="True" time="0.4587" asserts="0" description="Pester">
    <results>
      <test-suite type="TestFixture" name="/workspaces/PSMicrosoftTeams/src/tests/functions/team/New-PSMsTeamsTeam.Tests.ps1" executed="True" result="Success" success="True" time="0.4587" asserts="0" description="/workspaces/PSMicrosoftTeams/src/tests/functions/team/New-PSMsTeamsTeam.Tests.ps1">
        <results>
          <test-suite type="TestFixture" name="New-PSMsTeamsTeam" executed="True" result="Success" success="True" time="0.3651" asserts="0" description="New-PSMsTeamsTeam">
            <results>
              <test-suite type="TestFixture" name="New-PSMsTeamsTeam.Parameter validation" executed="True" result="Success" success="True" time="0.1582" asserts="0" description="New-PSMsTeamsTeam.Parameter validation">
                <results>
                  <test-case description="Should have InputObject as default parameter set" name="New-PSMsTeamsTeam.Parameter validation.Should have InputObject as default parameter set" time="0.0222" asserts="0" success="True" result="Success" executed="True" />
                  <test-case description="Should support ShouldProcess" name="New-PSMsTeamsTeam.Parameter validation.Should support ShouldProcess" time="0.0266" asserts="0" success="True" result="Success" executed="True" />
                  <test-case description="Should have DisplayName as mandatory in Team set" name="New-PSMsTeamsTeam.Parameter validation.Should have DisplayName as mandatory in Team set" time="0.0287" asserts="0" success="True" result="Success" executed="True" />
                  <test-case description="Should have valid Visibility values" name="New-PSMsTeamsTeam.Parameter validation.Should have valid Visibility values" time="0.0218" asserts="0" success="True" result="Success" executed="True" />
                  <test-case description="Should have Force and PassThru switch parameters" name="New-PSMsTeamsTeam.Parameter validation.Should have Force and PassThru switch parameters" time="0.0257" asserts="0" success="True" result="Success" executed="True" />
                  <test-case description="Should have team settings parameters" name="New-PSMsTeamsTeam.Parameter validation.Should have team settings parameters" time="0.0307" asserts="0" success="True" result="Success" executed="True" />
                </results>
              </test-suite>
              <test-suite type="TestFixture" name="New-PSMsTeamsTeam.Team creation via Identity" executed="True" result="Success" success="True" time="0.2672" asserts="0" description="New-PSMsTeamsTeam.Team creation via Identity">
                <results>
                  <test-case description="Should call Invoke-EntraRequest with POST to teams endpoint" name="New-PSMsTeamsTeam.Team creation via Identity.Should call Invoke-EntraRequest with POST to teams endpoint" time="0.1064" asserts="0" success="True" result="Success" executed="True" />
                </results>
              </test-suite>
              <test-suite type="TestFixture" name="New-PSMsTeamsTeam.Error handling" executed="True" result="Success" success="True" time="0.2913" asserts="0" description="New-PSMsTeamsTeam.Error handling">
                <results>
                  <test-case description="Should assert connection before executing" name="New-PSMsTeamsTeam.Error handling.Should assert connection before executing" time="0.022" asserts="0" success="True" result="Success" executed="True" />
                </results>
              </test-suite>
              <test-suite type="TestFixture" name="New-PSMsTeamsTeam.Pipeline input" executed="True" result="Success" success="True" time="0.3607" asserts="0" description="New-PSMsTeamsTeam.Pipeline input">
                <results>
                  <test-case description="Should accept InputObject from pipeline" name="New-PSMsTeamsTeam.Pipeline input.Should accept InputObject from pipeline" time="0.0225" asserts="0" success="True" result="Success" executed="True" />
                  <test-case description="Should accept Identity from pipeline by property name" name="New-PSMsTeamsTeam.Pipeline input.Should accept Identity from pipeline by property name" time="0.0211" asserts="0" success="True" result="Success" executed="True" />
                  <test-case description="Should accept DisplayName from pipeline by property name" name="New-PSMsTeamsTeam.Pipeline input.Should accept DisplayName from pipeline by property name" time="0.0199" asserts="0" success="True" result="Success" executed="True" />
                </results>
              </test-suite>
            </results>
          </test-suite>
        </results>
      </test-suite>
    </results>
  </test-suite>
</test-results>