<?xml version="1.0" encoding="utf-8" standalone="no"?>
<test-results xmlns:xsi="http://www.w3.org/2001/XMLSchema-instance" xsi:noNamespaceSchemaLocation="nunit_schema_2.5.xsd" name="Pester" total="8" errors="0" failures="0" not-run="0" inconclusive="0" ignored="0" skipped="0" invalid="0" date="2026-02-12" time="14:01:07">
  <environment user="root" nunit-version="2.5.8.0" clr-version="9.0.1" os-version="6.6.87.2-microsoft-standard-WSL2" machine-name="dfab52a26652" user-domain="" platform="Linux" cwd="/workspaces/PSMicrosoftTeams/src" />
  <culture-info current-culture="en-US" current-uiculture="en-US" />
  <test-suite type="TestFixture" name="Pester" executed="True" result="Success" success="True" time="0.377" asserts="0" description="Pester">
    <results>
      <test-suite type="TestFixture" name="/workspaces/PSMicrosoftTeams/src/tests/functions/channel/Get-PSMsTeamsTeamChannelMember.Tests.ps1" executed="True" result="Success" success="True" time="0.377" asserts="0" description="/workspaces/PSMicrosoftTeams/src/tests/functions/channel/Get-PSMsTeamsTeamChannelMember.Tests.ps1">
        <results>
          <test-suite type="TestFixture" name="Get-PSMsTeamsTeamChannelMember" executed="True" result="Success" success="True" time="0.3231" asserts="0" description="Get-PSMsTeamsTeamChannelMember">
            <results>
              <test-suite type="TestFixture" name="Get-PSMsTeamsTeamChannelMember.Parameter validation" executed="True" result="Success" success="True" time="0.1648" asserts="0" description="Get-PSMsTeamsTeamChannelMember.Parameter validation">
                <results>
                  <test-case description="Should have correct OutputType" name="Get-PSMsTeamsTeamChannelMember.Parameter validation.Should have correct OutputType" time="0.097" asserts="0" success="True" result="Success" executed="True" />
                  <test-case description="Should require Channel parameter with ChannelId alias" name="Get-PSMsTeamsTeamChannelMember.Parameter validation.Should require Channel parameter with ChannelId alias" time="0.0274" asserts="0" success="True" result="Success" executed="True" />
                  <test-case description="Should have All switch parameter" name="Get-PSMsTeamsTeamChannelMember.Parameter validation.Should have All switch parameter" time="0.0188" asserts="0" success="True" result="Success" executed="True" />
                  <test-case description="Should have EnableException parameter" name="Get-PSMsTeamsTeamChannelMember.Parameter validation.Should have EnableException parameter" time="0.0194" asserts="0" success="True" result="Success" executed="True" />
                </results>
              </test-suite>
              <test-suite type="TestFixture" name="Get-PSMsTeamsTeamChannelMember.Channel member retrieval" executed="True" result="Success" success="True" time="0.2782" asserts="0" description="Get-PSMsTeamsTeamChannelMember.Channel member retrieval">
                <results>
                  <test-case description="Should resolve team and query channel members endpoint" name="Get-PSMsTeamsTeamChannelMember.Channel member retrieval.Should resolve team and query channel members endpoint" time="0.0569" asserts="0" success="True" result="Success" executed="True" />
                  <test-case description="Should use allMembers endpoint when -All is specified" name="Get-PSMsTeamsTeamChannelMember.Channel member retrieval.Should use allMembers endpoint when -All is specified" time="0.0541" asserts="0" success="True" result="Success" executed="True" />
                </results>
              </test-suite>
              <test-suite type="TestFixture" name="Get-PSMsTeamsTeamChannelMember.Pipeline input" executed="True" result="Success" success="True" time="0.3171" asserts="0" description="Get-PSMsTeamsTeamChannelMember.Pipeline input">
                <results>
                  <test-case description="Should accept Identity from pipeline by property name" name="Get-PSMsTeamsTeamChannelMember.Pipeline input.Should accept Identity from pipeline by property name" time="0.0183" asserts="0" success="True" result="Success" executed="True" />
                  <test-case description="Should accept Channel from pipeline by property name" name="Get-PSMsTeamsTeamChannelMember.Pipeline input.Should accept Channel from pipeline by property name" time="0.0184" asserts="0" success="True" result="Success" executed="True" />
                </results>
              </test-suite>
            </results>
          </test-suite>
        </results>
      </test-suite>
    </results>
  </test-suite>
</test-results>