<?xml version="1.0" encoding="utf-8" standalone="no"?>
<test-results xmlns:xsi="http://www.w3.org/2001/XMLSchema-instance" xsi:noNamespaceSchemaLocation="nunit_schema_2.5.xsd" name="Pester" total="3" errors="0" failures="0" not-run="0" inconclusive="0" ignored="0" skipped="0" invalid="0" date="2026-02-12" time="14:01:10">
  <environment user="root" nunit-version="2.5.8.0" clr-version="9.0.1" os-version="6.6.87.2-microsoft-standard-WSL2" machine-name="dfab52a26652" user-domain="" platform="Linux" cwd="/workspaces/PSMicrosoftTeams/src" />
  <culture-info current-culture="en-US" current-uiculture="en-US" />
  <test-suite type="TestFixture" name="Pester" executed="True" result="Success" success="True" time="0.2185" asserts="0" description="Pester">
    <results>
      <test-suite type="TestFixture" name="/workspaces/PSMicrosoftTeams/src/tests/functions/internal/ConvertFrom-RestObject.Tests.ps1" executed="True" result="Success" success="True" time="0.2185" asserts="0" description="/workspaces/PSMicrosoftTeams/src/tests/functions/internal/ConvertFrom-RestObject.Tests.ps1">
        <results>
          <test-suite type="TestFixture" name="ConvertFrom-RestObject" executed="True" result="Success" success="True" time="0.0444" asserts="0" description="ConvertFrom-RestObject">
            <results>
              <test-suite type="TestFixture" name="ConvertFrom-RestObject.Parameter validation" executed="True" result="Success" success="True" time="0.0227" asserts="0" description="ConvertFrom-RestObject.Parameter validation">
                <results>
                  <test-case description="Should have Type parameter as mandatory" name="ConvertFrom-RestObject.Parameter validation.Should have Type parameter as mandatory" time="0.0076" asserts="0" success="True" result="Success" executed="True" />
                  <test-case description="Should have InputObject parameter accepting pipeline input" name="ConvertFrom-RestObject.Parameter validation.Should have InputObject parameter accepting pipeline input" time="0.0129" asserts="0" success="True" result="Success" executed="True" />
                </results>
              </test-suite>
              <test-suite type="TestFixture" name="ConvertFrom-RestObject.JSON deserialization" executed="True" result="Success" success="True" time="0.0409" asserts="0" description="ConvertFrom-RestObject.JSON deserialization">
                <results>
                  <test-case description="Should handle null or empty InputObject gracefully" name="ConvertFrom-RestObject.JSON deserialization.Should handle null or empty InputObject gracefully" time="0.0153" asserts="0" success="True" result="Success" executed="True" />
                </results>
              </test-suite>
            </results>
          </test-suite>
        </results>
      </test-suite>
    </results>
  </test-suite>
</test-results>