<?xml version="1.0" encoding="utf-8" standalone="no"?>
<test-results xmlns:xsi="http://www.w3.org/2001/XMLSchema-instance" xsi:noNamespaceSchemaLocation="nunit_schema_2.5.xsd" name="Pester" total="4" errors="0" failures="0" not-run="0" inconclusive="0" ignored="0" skipped="0" invalid="0" date="2026-02-12" time="14:00:50">
  <environment user="root" nunit-version="2.5.8.0" clr-version="9.0.1" os-version="6.6.87.2-microsoft-standard-WSL2" machine-name="dfab52a26652" user-domain="" platform="Linux" cwd="/workspaces/PSMicrosoftTeams/src" />
  <culture-info current-culture="en-US" current-uiculture="en-US" />
  <test-suite type="TestFixture" name="Pester" executed="True" result="Success" success="True" time="0.4836" asserts="0" description="Pester">
    <results>
      <test-suite type="TestFixture" name="/workspaces/PSMicrosoftTeams/src/tests/functions/batch/Invoke-PSMsTeamsBatchRequest.Tests.ps1" executed="True" result="Success" success="True" time="0.4836" asserts="0" description="/workspaces/PSMicrosoftTeams/src/tests/functions/batch/Invoke-PSMsTeamsBatchRequest.Tests.ps1">
        <results>
          <test-suite type="TestFixture" name="Invoke-PSMsTeamsBatchRequest" executed="True" result="Success" success="True" time="0.4073" asserts="0" description="Invoke-PSMsTeamsBatchRequest">
            <results>
              <test-suite type="TestFixture" name="Invoke-PSMsTeamsBatchRequest.Parameter validation" executed="True" result="Success" success="True" time="0.0595" asserts="0" description="Invoke-PSMsTeamsBatchRequest.Parameter validation">
                <results>
                  <test-case description="Should have InputObject parameter" name="Invoke-PSMsTeamsBatchRequest.Parameter validation.Should have InputObject parameter" time="0.0257" asserts="0" success="True" result="Success" executed="True" />
                  <test-case description="Should accept InputObject from pipeline" name="Invoke-PSMsTeamsBatchRequest.Parameter validation.Should accept InputObject from pipeline" time="0.0312" asserts="0" success="True" result="Success" executed="True" />
                </results>
              </test-suite>
              <test-suite type="TestFixture" name="Invoke-PSMsTeamsBatchRequest.Batch request execution" executed="True" result="Success" success="True" time="0.402" asserts="0" description="Invoke-PSMsTeamsBatchRequest.Batch request execution">
                <results>
                  <test-case description="Should call Invoke-EntraRequest with POST to $batch endpoint" name="Invoke-PSMsTeamsBatchRequest.Batch request execution.Should call Invoke-EntraRequest with POST to $batch endpoint" time="0.252" asserts="0" success="True" result="Success" executed="True" />
                  <test-case description="Should handle batches larger than 20 items by splitting" name="Invoke-PSMsTeamsBatchRequest.Batch request execution.Should handle batches larger than 20 items by splitting" time="0.0871" asserts="0" success="True" result="Success" executed="True" />
                </results>
              </test-suite>
            </results>
          </test-suite>
        </results>
      </test-suite>
    </results>
  </test-suite>
</test-results>