<?xml version="1.0" encoding="utf-8" standalone="no"?>
<test-results xmlns:xsi="http://www.w3.org/2001/XMLSchema-instance" xsi:noNamespaceSchemaLocation="nunit_schema_2.5.xsd" name="Pester" total="6" errors="0" failures="0" not-run="0" inconclusive="0" ignored="0" skipped="0" invalid="0" date="2026-02-12" time="14:02:00">
  <environment user="root" nunit-version="2.5.8.0" clr-version="9.0.1" os-version="6.6.87.2-microsoft-standard-WSL2" machine-name="dfab52a26652" user-domain="" platform="Linux" cwd="/workspaces/PSMicrosoftTeams/src" />
  <culture-info current-culture="en-US" current-uiculture="en-US" />
  <test-suite type="TestFixture" name="Pester" executed="True" result="Success" success="True" time="0.3266" asserts="0" description="Pester">
    <results>
      <test-suite type="TestFixture" name="/workspaces/PSMicrosoftTeams/src/tests/functions/team/Protect-PSMsTeamsTeam.Tests.ps1" executed="True" result="Success" success="True" time="0.3266" asserts="0" description="/workspaces/PSMicrosoftTeams/src/tests/functions/team/Protect-PSMsTeamsTeam.Tests.ps1">
        <results>
          <test-suite type="TestFixture" name="Protect-PSMsTeamsTeam" executed="True" result="Success" success="True" time="0.2379" asserts="0" description="Protect-PSMsTeamsTeam">
            <results>
              <test-suite type="TestFixture" name="Protect-PSMsTeamsTeam.Parameter validation" executed="True" result="Success" success="True" time="0.0558" asserts="0" description="Protect-PSMsTeamsTeam.Parameter validation">
                <results>
                  <test-case description="Should support ShouldProcess with Medium ConfirmImpact" name="Protect-PSMsTeamsTeam.Parameter validation.Should support ShouldProcess with Medium ConfirmImpact" time="0.0293" asserts="0" success="True" result="Success" executed="True" />
                  <test-case description="Should have Force and PassThru parameters" name="Protect-PSMsTeamsTeam.Parameter validation.Should have Force and PassThru parameters" time="0.0241" asserts="0" success="True" result="Success" executed="True" />
                </results>
              </test-suite>
              <test-suite type="TestFixture" name="Protect-PSMsTeamsTeam.Identity parameter set" executed="True" result="Success" success="True" time="0.1304" asserts="0" description="Protect-PSMsTeamsTeam.Identity parameter set">
                <results>
                  <test-case description="Should call POST on teams/{id}/archive endpoint" name="Protect-PSMsTeamsTeam.Identity parameter set.Should call POST on teams/{id}/archive endpoint" time="0.0725" asserts="0" success="True" result="Success" executed="True" />
                </results>
              </test-suite>
              <test-suite type="TestFixture" name="Protect-PSMsTeamsTeam.Pipeline input" executed="True" result="Success" success="True" time="0.2346" asserts="0" description="Protect-PSMsTeamsTeam.Pipeline input">
                <results>
                  <test-case description="Should accept InputObject from pipeline" name="Protect-PSMsTeamsTeam.Pipeline input.Should accept InputObject from pipeline" time="0.0269" asserts="0" success="True" result="Success" executed="True" />
                  <test-case description="Should accept Identity from pipeline by property name" name="Protect-PSMsTeamsTeam.Pipeline input.Should accept Identity from pipeline by property name" time="0.0167" asserts="0" success="True" result="Success" executed="True" />
                  <test-case description="Should process InputObject piped via pipeline" name="Protect-PSMsTeamsTeam.Pipeline input.Should process InputObject piped via pipeline" time="0.054" asserts="0" success="True" result="Success" executed="True" />
                </results>
              </test-suite>
            </results>
          </test-suite>
        </results>
      </test-suite>
    </results>
  </test-suite>
</test-results>