<?xml version="1.0" encoding="utf-8" standalone="no"?>
<test-results xmlns:xsi="http://www.w3.org/2001/XMLSchema-instance" xsi:noNamespaceSchemaLocation="nunit_schema_2.5.xsd" name="Pester" total="5" errors="0" failures="0" not-run="0" inconclusive="0" ignored="0" skipped="0" invalid="0" date="2026-02-12" time="14:02:01">
  <environment user="root" nunit-version="2.5.8.0" clr-version="9.0.1" os-version="6.6.87.2-microsoft-standard-WSL2" machine-name="dfab52a26652" user-domain="" platform="Linux" cwd="/workspaces/PSMicrosoftTeams/src" />
  <culture-info current-culture="en-US" current-uiculture="en-US" />
  <test-suite type="TestFixture" name="Pester" executed="True" result="Success" success="True" time="0.2772" asserts="0" description="Pester">
    <results>
      <test-suite type="TestFixture" name="/workspaces/PSMicrosoftTeams/src/tests/functions/team/Remove-PSMsTeamsTeamMember.Tests.ps1" executed="True" result="Success" success="True" time="0.2772" asserts="0" description="/workspaces/PSMicrosoftTeams/src/tests/functions/team/Remove-PSMsTeamsTeamMember.Tests.ps1">
        <results>
          <test-suite type="TestFixture" name="Remove-PSMsTeamsTeamMember" executed="True" result="Success" success="True" time="0.17" asserts="0" description="Remove-PSMsTeamsTeamMember">
            <results>
              <test-suite type="TestFixture" name="Remove-PSMsTeamsTeamMember.Parameter validation" executed="True" result="Success" success="True" time="0.0543" asserts="0" description="Remove-PSMsTeamsTeamMember.Parameter validation">
                <results>
                  <test-case description="Should support ShouldProcess (default ConfirmImpact Medium)" name="Remove-PSMsTeamsTeamMember.Parameter validation.Should support ShouldProcess (default ConfirmImpact Medium)" time="0.026" asserts="0" success="True" result="Success" executed="True" />
                  <test-case description="Should have MembershipId parameter set" name="Remove-PSMsTeamsTeamMember.Parameter validation.Should have MembershipId parameter set" time="0.026" asserts="0" success="True" result="Success" executed="True" />
                </results>
              </test-suite>
              <test-suite type="TestFixture" name="Remove-PSMsTeamsTeamMember.MembershipId parameter set" executed="True" result="Success" success="True" time="0.1167" asserts="0" description="Remove-PSMsTeamsTeamMember.MembershipId parameter set">
                <results>
                  <test-case description="Should call DELETE on members/{membershipId} endpoint" name="Remove-PSMsTeamsTeamMember.MembershipId parameter set.Should call DELETE on members/{membershipId} endpoint" time="0.0604" asserts="0" success="True" result="Success" executed="True" />
                </results>
              </test-suite>
              <test-suite type="TestFixture" name="Remove-PSMsTeamsTeamMember.Pipeline input" executed="True" result="Success" success="True" time="0.1678" asserts="0" description="Remove-PSMsTeamsTeamMember.Pipeline input">
                <results>
                  <test-case description="Should accept InputObject from pipeline" name="Remove-PSMsTeamsTeamMember.Pipeline input.Should accept InputObject from pipeline" time="0.0261" asserts="0" success="True" result="Success" executed="True" />
                  <test-case description="Should accept MembershipId from pipeline by property name" name="Remove-PSMsTeamsTeamMember.Pipeline input.Should accept MembershipId from pipeline by property name" time="0.0229" asserts="0" success="True" result="Success" executed="True" />
                </results>
              </test-suite>
            </results>
          </test-suite>
        </results>
      </test-suite>
    </results>
  </test-suite>
</test-results>