<?xml version="1.0" encoding="utf-8" standalone="no"?>
<test-results xmlns:xsi="http://www.w3.org/2001/XMLSchema-instance" xsi:noNamespaceSchemaLocation="nunit_schema_2.5.xsd" name="Pester" total="8" errors="0" failures="0" not-run="0" inconclusive="0" ignored="0" skipped="0" invalid="0" date="2026-02-12" time="14:01:11">
  <environment user="root" nunit-version="2.5.8.0" clr-version="9.0.1" os-version="6.6.87.2-microsoft-standard-WSL2" machine-name="dfab52a26652" user-domain="" platform="Linux" cwd="/workspaces/PSMicrosoftTeams/src" />
  <culture-info current-culture="en-US" current-uiculture="en-US" />
  <test-suite type="TestFixture" name="Pester" executed="True" result="Success" success="True" time="15.3595" asserts="0" description="Pester">
    <results>
      <test-suite type="TestFixture" name="/workspaces/PSMicrosoftTeams/src/tests/functions/team/Add-PSMsTeamsTeamMember.Tests.ps1" executed="True" result="Success" success="True" time="15.3595" asserts="0" description="/workspaces/PSMicrosoftTeams/src/tests/functions/team/Add-PSMsTeamsTeamMember.Tests.ps1">
        <results>
          <test-suite type="TestFixture" name="Add-PSMsTeamsTeamMember" executed="True" result="Success" success="True" time="15.3015" asserts="0" description="Add-PSMsTeamsTeamMember">
            <results>
              <test-suite type="TestFixture" name="Add-PSMsTeamsTeamMember.Parameter validation" executed="True" result="Success" success="True" time="0.0896" asserts="0" description="Add-PSMsTeamsTeamMember.Parameter validation">
                <results>
                  <test-case description="Should have IdentityInputObject as default parameter set" name="Add-PSMsTeamsTeamMember.Parameter validation.Should have IdentityInputObject as default parameter set" time="0.0257" asserts="0" success="True" result="Success" executed="True" />
                  <test-case description="Should have valid Role values" name="Add-PSMsTeamsTeamMember.Parameter validation.Should have valid Role values" time="0.0237" asserts="0" success="True" result="Success" executed="True" />
                  <test-case description="Should have Identity parameter with correct aliases" name="Add-PSMsTeamsTeamMember.Parameter validation.Should have Identity parameter with correct aliases" time="0.0194" asserts="0" success="True" result="Success" executed="True" />
                  <test-case description="Should support ShouldProcess" name="Add-PSMsTeamsTeamMember.Parameter validation.Should support ShouldProcess" time="0.0179" asserts="0" success="True" result="Success" executed="True" />
                </results>
              </test-suite>
              <test-suite type="TestFixture" name="Add-PSMsTeamsTeamMember.Adding a member via Identity" executed="True" result="Success" success="True" time="15.2079" asserts="0" description="Add-PSMsTeamsTeamMember.Adding a member via Identity">
                <results>
                  <test-case description="Should resolve team, then POST to members endpoint" name="Add-PSMsTeamsTeamMember.Adding a member via Identity.Should resolve team, then POST to members endpoint" time="15.1162" asserts="0" success="True" result="Success" executed="True" />
                </results>
              </test-suite>
              <test-suite type="TestFixture" name="Add-PSMsTeamsTeamMember.Pipeline input" executed="True" result="Success" success="True" time="15.2974" asserts="0" description="Add-PSMsTeamsTeamMember.Pipeline input">
                <results>
                  <test-case description="Should accept InputObject from pipeline" name="Add-PSMsTeamsTeamMember.Pipeline input.Should accept InputObject from pipeline" time="0.0233" asserts="0" success="True" result="Success" executed="True" />
                  <test-case description="Should accept User from pipeline by property name" name="Add-PSMsTeamsTeamMember.Pipeline input.Should accept User from pipeline by property name" time="0.0223" asserts="0" success="True" result="Success" executed="True" />
                  <test-case description="Should process InputObject piped via pipeline" name="Add-PSMsTeamsTeamMember.Pipeline input.Should process InputObject piped via pipeline" time="0.0417" asserts="0" success="True" result="Success" executed="True" />
                </results>
              </test-suite>
            </results>
          </test-suite>
        </results>
      </test-suite>
    </results>
  </test-suite>
</test-results>