<?xml version="1.0" encoding="utf-8" standalone="no"?>
<test-results xmlns:xsi="http://www.w3.org/2001/XMLSchema-instance" xsi:noNamespaceSchemaLocation="nunit_schema_2.5.xsd" name="Pester" total="7" errors="0" failures="0" not-run="0" inconclusive="0" ignored="0" skipped="0" invalid="0" date="2026-02-12" time="14:01:08">
  <environment user="root" nunit-version="2.5.8.0" clr-version="9.0.1" os-version="6.6.87.2-microsoft-standard-WSL2" machine-name="dfab52a26652" user-domain="" platform="Linux" cwd="/workspaces/PSMicrosoftTeams/src" />
  <culture-info current-culture="en-US" current-uiculture="en-US" />
  <test-suite type="TestFixture" name="Pester" executed="True" result="Success" success="True" time="0.2248" asserts="0" description="Pester">
    <results>
      <test-suite type="TestFixture" name="/workspaces/PSMicrosoftTeams/src/tests/functions/channel/New-PSMsTeamsTeamChannel.Tests.ps1" executed="True" result="Success" success="True" time="0.2248" asserts="0" description="/workspaces/PSMicrosoftTeams/src/tests/functions/channel/New-PSMsTeamsTeamChannel.Tests.ps1">
        <results>
          <test-suite type="TestFixture" name="New-PSMsTeamsTeamChannel" executed="True" result="Success" success="True" time="0.1566" asserts="0" description="New-PSMsTeamsTeamChannel">
            <results>
              <test-suite type="TestFixture" name="New-PSMsTeamsTeamChannel.Parameter validation" executed="True" result="Success" success="True" time="0.0556" asserts="0" description="New-PSMsTeamsTeamChannel.Parameter validation">
                <results>
                  <test-case description="Should support ShouldProcess" name="New-PSMsTeamsTeamChannel.Parameter validation.Should support ShouldProcess" time="0.0151" asserts="0" success="True" result="Success" executed="True" />
                  <test-case description="Should have mandatory DisplayName" name="New-PSMsTeamsTeamChannel.Parameter validation.Should have mandatory DisplayName" time="0.0202" asserts="0" success="True" result="Success" executed="True" />
                  <test-case description="Should have valid MembershipType values" name="New-PSMsTeamsTeamChannel.Parameter validation.Should have valid MembershipType values" time="0.0184" asserts="0" success="True" result="Success" executed="True" />
                </results>
              </test-suite>
              <test-suite type="TestFixture" name="New-PSMsTeamsTeamChannel.Creating a channel" executed="True" result="Success" success="True" time="0.1058" asserts="0" description="New-PSMsTeamsTeamChannel.Creating a channel">
                <results>
                  <test-case description="Should resolve team and POST to channels endpoint" name="New-PSMsTeamsTeamChannel.Creating a channel.Should resolve team and POST to channels endpoint" time="0.048" asserts="0" success="True" result="Success" executed="True" />
                </results>
              </test-suite>
              <test-suite type="TestFixture" name="New-PSMsTeamsTeamChannel.Pipeline input" executed="True" result="Success" success="True" time="0.1541" asserts="0" description="New-PSMsTeamsTeamChannel.Pipeline input">
                <results>
                  <test-case description="Should accept DisplayName from pipeline by property name" name="New-PSMsTeamsTeamChannel.Pipeline input.Should accept DisplayName from pipeline by property name" time="0.0176" asserts="0" success="True" result="Success" executed="True" />
                  <test-case description="Should accept Description from pipeline by property name" name="New-PSMsTeamsTeamChannel.Pipeline input.Should accept Description from pipeline by property name" time="0.0152" asserts="0" success="True" result="Success" executed="True" />
                  <test-case description="Should accept MembershipType from pipeline by property name" name="New-PSMsTeamsTeamChannel.Pipeline input.Should accept MembershipType from pipeline by property name" time="0.0134" asserts="0" success="True" result="Success" executed="True" />
                </results>
              </test-suite>
            </results>
          </test-suite>
        </results>
      </test-suite>
    </results>
  </test-suite>
</test-results>