<?xml version="1.0" encoding="utf-8" standalone="no"?>
<test-results xmlns:xsi="http://www.w3.org/2001/XMLSchema-instance" xsi:noNamespaceSchemaLocation="nunit_schema_2.5.xsd" name="Pester" total="4" errors="0" failures="0" not-run="0" inconclusive="0" ignored="0" skipped="0" invalid="0" date="2026-02-12" time="14:01:09">
  <environment user="root" nunit-version="2.5.8.0" clr-version="9.0.1" os-version="6.6.87.2-microsoft-standard-WSL2" machine-name="dfab52a26652" user-domain="" platform="Linux" cwd="/workspaces/PSMicrosoftTeams/src" />
  <culture-info current-culture="en-US" current-uiculture="en-US" />
  <test-suite type="TestFixture" name="Pester" executed="True" result="Success" success="True" time="0.1797" asserts="0" description="Pester">
    <results>
      <test-suite type="TestFixture" name="/workspaces/PSMicrosoftTeams/src/tests/functions/channel/Remove-PSMsTeamsTeamChannelMember.Tests.ps1" executed="True" result="Success" success="True" time="0.1797" asserts="0" description="/workspaces/PSMicrosoftTeams/src/tests/functions/channel/Remove-PSMsTeamsTeamChannelMember.Tests.ps1">
        <results>
          <test-suite type="TestFixture" name="Remove-PSMsTeamsTeamChannelMember" executed="True" result="Success" success="True" time="0.094" asserts="0" description="Remove-PSMsTeamsTeamChannelMember">
            <results>
              <test-suite type="TestFixture" name="Remove-PSMsTeamsTeamChannelMember.Parameter validation" executed="True" result="Success" success="True" time="0.0149" asserts="0" description="Remove-PSMsTeamsTeamChannelMember.Parameter validation">
                <results>
                  <test-case description="Should support ShouldProcess with High ConfirmImpact" name="Remove-PSMsTeamsTeamChannelMember.Parameter validation.Should support ShouldProcess with High ConfirmImpact" time="0.0128" asserts="0" success="True" result="Success" executed="True" />
                </results>
              </test-suite>
              <test-suite type="TestFixture" name="Remove-PSMsTeamsTeamChannelMember.Removing a channel member" executed="True" result="Success" success="True" time="0.062" asserts="0" description="Remove-PSMsTeamsTeamChannelMember.Removing a channel member">
                <results>
                  <test-case description="Should resolve team and DELETE specific member from channel" name="Remove-PSMsTeamsTeamChannelMember.Removing a channel member.Should resolve team and DELETE specific member from channel" time="0.0424" asserts="0" success="True" result="Success" executed="True" />
                </results>
              </test-suite>
              <test-suite type="TestFixture" name="Remove-PSMsTeamsTeamChannelMember.Pipeline input" executed="True" result="Success" success="True" time="0.0914" asserts="0" description="Remove-PSMsTeamsTeamChannelMember.Pipeline input">
                <results>
                  <test-case description="Should accept MembershipId from pipeline" name="Remove-PSMsTeamsTeamChannelMember.Pipeline input.Should accept MembershipId from pipeline" time="0.0154" asserts="0" success="True" result="Success" executed="True" />
                  <test-case description="Should accept MembershipId from pipeline by property name" name="Remove-PSMsTeamsTeamChannelMember.Pipeline input.Should accept MembershipId from pipeline by property name" time="0.0121" asserts="0" success="True" result="Success" executed="True" />
                </results>
              </test-suite>
            </results>
          </test-suite>
        </results>
      </test-suite>
    </results>
  </test-suite>
</test-results>