<?xml version="1.0" encoding="utf-8" standalone="no"?>
<test-results xmlns:xsi="http://www.w3.org/2001/XMLSchema-instance" xsi:noNamespaceSchemaLocation="nunit_schema_2.5.xsd" name="Pester" total="2" errors="0" failures="0" not-run="0" inconclusive="0" ignored="0" skipped="0" invalid="0" date="2026-02-12" time="10:48:44">
  <environment nunit-version="2.5.8.0" user="root" user-domain="" clr-version="9.0.1" cwd="/workspaces/PSMicrosoftTeams/src" platform="Linux" machine-name="dfab52a26652" os-version="6.6.87.2-microsoft-standard-WSL2" />
  <culture-info current-culture="en-US" current-uiculture="en-US" />
  <test-suite type="TestFixture" name="Pester" executed="True" result="Success" success="True" time="3.5863" asserts="0" description="Pester">
    <results>
      <test-suite type="TestFixture" name="/workspaces/PSMicrosoftTeams/src/tests/general/FileIntegrity.Tests.ps1" executed="True" result="Success" success="True" time="3.5863" asserts="0" description="/workspaces/PSMicrosoftTeams/src/tests/general/FileIntegrity.Tests.ps1">
        <results>
          <test-suite type="TestFixture" name="Verifying integrity of module files" executed="True" result="Success" success="True" time="0.2868" asserts="0" description="Verifying integrity of module files">
            <results>
              <test-suite type="TestFixture" name="Verifying integrity of module files.Validating PS1 Script files" executed="True" result="Success" success="True" time="0.271" asserts="0" description="Verifying integrity of module files.Validating PS1 Script files">
                <results>
                  <test-suite type="ParameterizedTest" name="Verifying integrity of module files.Validating PS1 Script files.[/workspaces/PSMicrosoftTeams/src/install.ps1] Should have UTF8 encoding with Byte Order Mark" executed="True" result="Success" success="True" time="0.2087" asserts="0" description="[/workspaces/PSMicrosoftTeams/src/install.ps1] Should have UTF8 encoding with Byte Order Mark">
                    <results>
                      <test-case description="[/workspaces/PSMicrosoftTeams/src/install.ps1] Should have UTF8 encoding with Byte Order Mark" name="Verifying integrity of module files.Validating PS1 Script files.[/workspaces/PSMicrosoftTeams/src/install.ps1] Should have UTF8 encoding with Byte Order Mark(/workspaces/PSMicrosoftTeams/src/install.ps1)" time="0.2087" asserts="0" success="True" result="Success" executed="True" />
                    </results>
                  </test-suite>
                  <test-suite type="ParameterizedTest" name="Verifying integrity of module files.Validating PS1 Script files.[/workspaces/PSMicrosoftTeams/src/install.ps1] Should have no trailing space" executed="True" result="Success" success="True" time="0.0294" asserts="0" description="[/workspaces/PSMicrosoftTeams/src/install.ps1] Should have no trailing space">
                    <results>
                      <test-case description="[/workspaces/PSMicrosoftTeams/src/install.ps1] Should have no trailing space" name="Verifying integrity of module files.Validating PS1 Script files.[/workspaces/PSMicrosoftTeams/src/install.ps1] Should have no trailing space(/workspaces/PSMicrosoftTeams/src/install.ps1)" time="0.0294" asserts="0" success="True" result="Success" executed="True" />
                    </results>
                  </test-suite>
                </results>
              </test-suite>
            </results>
          </test-suite>
        </results>
      </test-suite>
    </results>
  </test-suite>
</test-results>