<?xml version="1.0" encoding="utf-8" standalone="no"?>
<test-results xmlns:xsi="http://www.w3.org/2001/XMLSchema-instance" xsi:noNamespaceSchemaLocation="nunit_schema_2.5.xsd" name="Pester" total="6" errors="0" failures="0" not-run="0" inconclusive="0" ignored="0" skipped="0" invalid="0" date="2026-02-12" time="14:01:28">
  <environment user="root" nunit-version="2.5.8.0" clr-version="9.0.1" os-version="6.6.87.2-microsoft-standard-WSL2" machine-name="dfab52a26652" user-domain="" platform="Linux" cwd="/workspaces/PSMicrosoftTeams/src" />
  <culture-info current-culture="en-US" current-uiculture="en-US" />
  <test-suite type="TestFixture" name="Pester" executed="True" result="Success" success="True" time="0.2744" asserts="0" description="Pester">
    <results>
      <test-suite type="TestFixture" name="/workspaces/PSMicrosoftTeams/src/tests/functions/team/Get-PSMsTeamsTeamAdditionalProperty.Tests.ps1" executed="True" result="Success" success="True" time="0.2744" asserts="0" description="/workspaces/PSMicrosoftTeams/src/tests/functions/team/Get-PSMsTeamsTeamAdditionalProperty.Tests.ps1">
        <results>
          <test-suite type="TestFixture" name="Get-PSMsTeamsTeamAdditionalProperty" executed="True" result="Success" success="True" time="0.2197" asserts="0" description="Get-PSMsTeamsTeamAdditionalProperty">
            <results>
              <test-suite type="TestFixture" name="Get-PSMsTeamsTeamAdditionalProperty.Parameter validation" executed="True" result="Success" success="True" time="0.0556" asserts="0" description="Get-PSMsTeamsTeamAdditionalProperty.Parameter validation">
                <results>
                  <test-case description="Should have correct OutputType" name="Get-PSMsTeamsTeamAdditionalProperty.Parameter validation.Should have correct OutputType" time="0.0269" asserts="0" success="True" result="Success" executed="True" />
                  <test-case description="Should have Identity parameter with aliases" name="Get-PSMsTeamsTeamAdditionalProperty.Parameter validation.Should have Identity parameter with aliases" time="0.0262" asserts="0" success="True" result="Success" executed="True" />
                </results>
              </test-suite>
              <test-suite type="TestFixture" name="Get-PSMsTeamsTeamAdditionalProperty.Identity parameter set" executed="True" result="Success" success="True" time="0.123" asserts="0" description="Get-PSMsTeamsTeamAdditionalProperty.Identity parameter set">
                <results>
                  <test-case description="Should resolve team and query teams/{id} endpoint" name="Get-PSMsTeamsTeamAdditionalProperty.Identity parameter set.Should resolve team and query teams/{id} endpoint" time="0.0648" asserts="0" success="True" result="Success" executed="True" />
                </results>
              </test-suite>
              <test-suite type="TestFixture" name="Get-PSMsTeamsTeamAdditionalProperty.Pipeline input" executed="True" result="Success" success="True" time="0.2128" asserts="0" description="Get-PSMsTeamsTeamAdditionalProperty.Pipeline input">
                <results>
                  <test-case description="Should accept InputObject from pipeline" name="Get-PSMsTeamsTeamAdditionalProperty.Pipeline input.Should accept InputObject from pipeline" time="0.0182" asserts="0" success="True" result="Success" executed="True" />
                  <test-case description="Should accept Identity from pipeline by property name" name="Get-PSMsTeamsTeamAdditionalProperty.Pipeline input.Should accept Identity from pipeline by property name" time="0.0256" asserts="0" success="True" result="Success" executed="True" />
                  <test-case description="Should process InputObject piped from Get-PSMsTeamsTeam" name="Get-PSMsTeamsTeamAdditionalProperty.Pipeline input.Should process InputObject piped from Get-PSMsTeamsTeam" time="0.0434" asserts="0" success="True" result="Success" executed="True" />
                </results>
              </test-suite>
            </results>
          </test-suite>
        </results>
      </test-suite>
    </results>
  </test-suite>
</test-results>