<?xml version="1.0" encoding="utf-8" standalone="no"?>
<test-results xmlns:xsi="http://www.w3.org/2001/XMLSchema-instance" xsi:noNamespaceSchemaLocation="nunit_schema_2.5.xsd" name="Pester" total="4" errors="0" failures="2" not-run="0" inconclusive="0" ignored="0" skipped="0" invalid="0" date="2026-02-12" time="09:49:11">
  <environment clr-version="9.0.1" platform="Linux" cwd="/workspaces/PSMicrosoftTeams/src" user-domain="" nunit-version="2.5.8.0" user="root" machine-name="dfab52a26652" os-version="6.6.87.2-microsoft-standard-WSL2" />
  <culture-info current-culture="en-US" current-uiculture="en-US" />
  <test-suite type="TestFixture" name="Pester" executed="True" result="Failure" success="False" time="14.9309" asserts="0" description="Pester">
    <results>
      <test-suite type="TestFixture" name="/workspaces/PSMicrosoftTeams/src/tests/general/Manifest.Tests.ps1" executed="True" result="Failure" success="False" time="14.9309" asserts="0" description="/workspaces/PSMicrosoftTeams/src/tests/general/Manifest.Tests.ps1">
        <results>
          <test-suite type="TestFixture" name="Validating the module manifest" executed="True" result="Failure" success="False" time="0.0702" asserts="0" description="Validating the module manifest">
            <results>
              <test-suite type="TestFixture" name="Validating the module manifest.Basic resources validation" executed="True" result="Failure" success="False" time="0.0436" asserts="0" description="Validating the module manifest.Basic resources validation">
                <results>
                  <test-suite type="ParameterizedTest" name="Validating the module manifest.Basic resources validation.Exports no function that isn't also present in the public folder" executed="True" result="Failure" success="False" time="0.0043" asserts="0" description="Exports no function that isn't also present in the public folder">
                    <results>
                      <test-case description="Exports no function that isn't also present in the public folder" name="Validating the module manifest.Basic resources validation.Exports no function that isn't also present in the public folder(null,null)" time="0.0043" asserts="0" success="False" result="Failure" executed="True">
                        <failure>
                          <message>ParameterBindingValidationException: Cannot bind argument to parameter 'ReferenceObject' because it is null.</message>
                          <stack-trace>at &lt;ScriptBlock&gt;, /workspaces/PSMicrosoftTeams/src/tests/general/Manifest.Tests.ps1:13</stack-trace>
                        </failure>
                      </test-case>
                    </results>
                  </test-suite>
                  <test-suite type="ParameterizedTest" name="Validating the module manifest.Basic resources validation.Exports none of its internal functions" executed="True" result="Success" success="True" time="0.0147" asserts="0" description="Exports none of its internal functions">
                    <results>
                      <test-case description="Exports none of its internal functions" name="Validating the module manifest.Basic resources validation.Exports none of its internal functions(null,&quot;/workspaces/PSMicrosoftTeams/src&quot;)" time="0.0147" asserts="0" success="True" result="Success" executed="True" />
                    </results>
                  </test-suite>
                  <test-suite type="ParameterizedTest" name="Validating the module manifest.Basic resources validation.Exports all functions in the public folder" executed="True" result="Failure" success="False" time="0.0217" asserts="0" description="Exports all functions in the public folder">
                    <results>
                      <test-case description="Exports all functions in the public folder" name="Validating the module manifest.Basic resources validation.Exports all functions in the public folder(null,null)" time="0.0217" asserts="0" success="False" result="Failure" executed="True">
                        <failure>
                          <message>ParameterBindingValidationException: Cannot bind argument to parameter 'ReferenceObject' because it is null.</message>
                          <stack-trace>at &lt;ScriptBlock&gt;, /workspaces/PSMicrosoftTeams/src/tests/general/Manifest.Tests.ps1:9</stack-trace>
                        </failure>
                      </test-case>
                    </results>
                  </test-suite>
                </results>
              </test-suite>
              <test-suite type="TestFixture" name="Validating the module manifest.Individual file validation" executed="True" result="Success" success="True" time="0.0681" asserts="0" description="Validating the module manifest.Individual file validation">
                <results>
                  <test-suite type="ParameterizedTest" name="Validating the module manifest.Individual file validation.The root module file exists" executed="True" result="Success" success="True" time="0.0218" asserts="0" description="The root module file exists">
                    <results>
                      <test-case description="The root module file exists" name="Validating the module manifest.Individual file validation.The root module file exists(null,&quot;/workspaces/PSMicrosoftTeams/src&quot;)" time="0.0218" asserts="0" success="True" result="Success" executed="True" />
                    </results>
                  </test-suite>
                </results>
              </test-suite>
            </results>
          </test-suite>
        </results>
      </test-suite>
    </results>
  </test-suite>
</test-results>