<?xml version="1.0" encoding="utf-8" standalone="no"?>
<test-results xmlns:xsi="http://www.w3.org/2001/XMLSchema-instance" xsi:noNamespaceSchemaLocation="nunit_schema_2.5.xsd" name="Pester" total="0" errors="0" failures="0" not-run="0" inconclusive="0" ignored="0" skipped="0" invalid="0" date="2026-02-12" time="10:48:49">
  <environment nunit-version="2.5.8.0" user="root" user-domain="" clr-version="9.0.1" cwd="/workspaces/PSMicrosoftTeams/src" platform="Linux" machine-name="dfab52a26652" os-version="6.6.87.2-microsoft-standard-WSL2" />
  <culture-info current-culture="en-US" current-uiculture="en-US" />
  <test-suite type="TestFixture" name="Pester" executed="True" result="Success" success="True" time="15.2171" asserts="0" description="Pester">
    <results />
  </test-suite>
</test-results>