<?xml version="1.0" encoding="utf-8" standalone="no"?>
<test-results xmlns:xsi="http://www.w3.org/2001/XMLSchema-instance" xsi:noNamespaceSchemaLocation="nunit_schema_2.5.xsd" name="Pester" total="6" errors="0" failures="0" not-run="0" inconclusive="0" ignored="0" skipped="0" invalid="0" date="2026-02-12" time="14:00:50">
  <environment user="root" nunit-version="2.5.8.0" clr-version="9.0.1" os-version="6.6.87.2-microsoft-standard-WSL2" machine-name="dfab52a26652" user-domain="" platform="Linux" cwd="/workspaces/PSMicrosoftTeams/src" />
  <culture-info current-culture="en-US" current-uiculture="en-US" />
  <test-suite type="TestFixture" name="Pester" executed="True" result="Success" success="True" time="0.4105" asserts="0" description="Pester">
    <results>
      <test-suite type="TestFixture" name="/workspaces/PSMicrosoftTeams/src/tests/functions/channel/Add-PSMsTeamsTeamChannelMember.Tests.ps1" executed="True" result="Success" success="True" time="0.4105" asserts="0" description="/workspaces/PSMicrosoftTeams/src/tests/functions/channel/Add-PSMsTeamsTeamChannelMember.Tests.ps1">
        <results>
          <test-suite type="TestFixture" name="Add-PSMsTeamsTeamChannelMember" executed="True" result="Success" success="True" time="0.3421" asserts="0" description="Add-PSMsTeamsTeamChannelMember">
            <results>
              <test-suite type="TestFixture" name="Add-PSMsTeamsTeamChannelMember.Parameter validation" executed="True" result="Success" success="True" time="0.0602" asserts="0" description="Add-PSMsTeamsTeamChannelMember.Parameter validation">
                <results>
                  <test-case description="Should support ShouldProcess" name="Add-PSMsTeamsTeamChannelMember.Parameter validation.Should support ShouldProcess" time="0.0319" asserts="0" success="True" result="Success" executed="True" />
                  <test-case description="Should have valid Role values" name="Add-PSMsTeamsTeamChannelMember.Parameter validation.Should have valid Role values" time="0.0259" asserts="0" success="True" result="Success" executed="True" />
                </results>
              </test-suite>
              <test-suite type="TestFixture" name="Add-PSMsTeamsTeamChannelMember.Adding a channel member" executed="True" result="Success" success="True" time="0.1841" asserts="0" description="Add-PSMsTeamsTeamChannelMember.Adding a channel member">
                <results>
                  <test-case description="Should POST to channel members endpoint" name="Add-PSMsTeamsTeamChannelMember.Adding a channel member.Should POST to channel members endpoint" time="0.1212" asserts="0" success="True" result="Success" executed="True" />
                </results>
              </test-suite>
              <test-suite type="TestFixture" name="Add-PSMsTeamsTeamChannelMember.Pipeline input" executed="True" result="Success" success="True" time="0.3388" asserts="0" description="Add-PSMsTeamsTeamChannelMember.Pipeline input">
                <results>
                  <test-case description="Should accept InputObject from pipeline" name="Add-PSMsTeamsTeamChannelMember.Pipeline input.Should accept InputObject from pipeline" time="0.0379" asserts="0" success="True" result="Success" executed="True" />
                  <test-case description="Should accept User from pipeline by property name" name="Add-PSMsTeamsTeamChannelMember.Pipeline input.Should accept User from pipeline by property name" time="0.0357" asserts="0" success="True" result="Success" executed="True" />
                  <test-case description="Should process InputObject piped via pipeline" name="Add-PSMsTeamsTeamChannelMember.Pipeline input.Should process InputObject piped via pipeline" time="0.0782" asserts="0" success="True" result="Success" executed="True" />
                </results>
              </test-suite>
            </results>
          </test-suite>
        </results>
      </test-suite>
    </results>
  </test-suite>
</test-results>