<?xml version="1.0" encoding="utf-8" standalone="no"?>
<test-results xmlns:xsi="http://www.w3.org/2001/XMLSchema-instance" xsi:noNamespaceSchemaLocation="nunit_schema_2.5.xsd" name="Pester" total="10" errors="0" failures="0" not-run="0" inconclusive="0" ignored="0" skipped="0" invalid="0" date="2026-02-12" time="14:02:01">
  <environment user="root" nunit-version="2.5.8.0" clr-version="9.0.1" os-version="6.6.87.2-microsoft-standard-WSL2" machine-name="dfab52a26652" user-domain="" platform="Linux" cwd="/workspaces/PSMicrosoftTeams/src" />
  <culture-info current-culture="en-US" current-uiculture="en-US" />
  <test-suite type="TestFixture" name="Pester" executed="True" result="Success" success="True" time="0.3682" asserts="0" description="Pester">
    <results>
      <test-suite type="TestFixture" name="/workspaces/PSMicrosoftTeams/src/tests/functions/team/Remove-PSMsTeamsTeam.Tests.ps1" executed="True" result="Success" success="True" time="0.3682" asserts="0" description="/workspaces/PSMicrosoftTeams/src/tests/functions/team/Remove-PSMsTeamsTeam.Tests.ps1">
        <results>
          <test-suite type="TestFixture" name="Remove-PSMsTeamsTeam" executed="True" result="Success" success="True" time="0.3079" asserts="0" description="Remove-PSMsTeamsTeam">
            <results>
              <test-suite type="TestFixture" name="Remove-PSMsTeamsTeam.Parameter validation" executed="True" result="Success" success="True" time="0.0991" asserts="0" description="Remove-PSMsTeamsTeam.Parameter validation">
                <results>
                  <test-case description="Should support ShouldProcess with High ConfirmImpact" name="Remove-PSMsTeamsTeam.Parameter validation.Should support ShouldProcess with High ConfirmImpact" time="0.0315" asserts="0" success="True" result="Success" executed="True" />
                  <test-case description="Should have InputObject as default parameter set" name="Remove-PSMsTeamsTeam.Parameter validation.Should have InputObject as default parameter set" time="0.0277" asserts="0" success="True" result="Success" executed="True" />
                  <test-case description="Should have Force parameter" name="Remove-PSMsTeamsTeam.Parameter validation.Should have Force parameter" time="0.0178" asserts="0" success="True" result="Success" executed="True" />
                  <test-case description="Should have PassThru parameter" name="Remove-PSMsTeamsTeam.Parameter validation.Should have PassThru parameter" time="0.0195" asserts="0" success="True" result="Success" executed="True" />
                </results>
              </test-suite>
              <test-suite type="TestFixture" name="Remove-PSMsTeamsTeam.Identity parameter set" executed="True" result="Success" success="True" time="0.1925" asserts="0" description="Remove-PSMsTeamsTeam.Identity parameter set">
                <results>
                  <test-case description="Should resolve team and call DELETE on groups endpoint" name="Remove-PSMsTeamsTeam.Identity parameter set.Should resolve team and call DELETE on groups endpoint" time="0.0488" asserts="0" success="True" result="Success" executed="True" />
                  <test-case description="Should handle team not found with EnableException" name="Remove-PSMsTeamsTeam.Identity parameter set.Should handle team not found with EnableException" time="0.0423" asserts="0" success="True" result="Success" executed="True" />
                </results>
              </test-suite>
              <test-suite type="TestFixture" name="Remove-PSMsTeamsTeam.PassThru" executed="True" result="Success" success="True" time="0.2308" asserts="0" description="Remove-PSMsTeamsTeam.PassThru">
                <results>
                  <test-case description="Should return a batch request object when PassThru is specified" name="Remove-PSMsTeamsTeam.PassThru.Should return a batch request object when PassThru is specified" time="0.0318" asserts="0" success="True" result="Success" executed="True" />
                </results>
              </test-suite>
              <test-suite type="TestFixture" name="Remove-PSMsTeamsTeam.Pipeline input" executed="True" result="Success" success="True" time="0.3054" asserts="0" description="Remove-PSMsTeamsTeam.Pipeline input">
                <results>
                  <test-case description="Should accept InputObject from pipeline" name="Remove-PSMsTeamsTeam.Pipeline input.Should accept InputObject from pipeline" time="0.0169" asserts="0" success="True" result="Success" executed="True" />
                  <test-case description="Should accept Identity from pipeline by property name" name="Remove-PSMsTeamsTeam.Pipeline input.Should accept Identity from pipeline by property name" time="0.0194" asserts="0" success="True" result="Success" executed="True" />
                  <test-case description="Should process InputObject piped via pipeline" name="Remove-PSMsTeamsTeam.Pipeline input.Should process InputObject piped via pipeline" time="0.0361" asserts="0" success="True" result="Success" executed="True" />
                </results>
              </test-suite>
            </results>
          </test-suite>
        </results>
      </test-suite>
    </results>
  </test-suite>
</test-results>