<?xml version="1.0" encoding="utf-8" standalone="no"?>
<test-results xmlns:xsi="http://www.w3.org/2001/XMLSchema-instance" xsi:noNamespaceSchemaLocation="nunit_schema_2.5.xsd" name="Pester" total="34" errors="0" failures="0" not-run="0" inconclusive="0" ignored="0" skipped="0" invalid="0" date="2026-02-12" time="09:49:37">
  <environment clr-version="9.0.1" platform="Linux" cwd="/workspaces/PSMicrosoftTeams/src" user-domain="" nunit-version="2.5.8.0" user="root" machine-name="dfab52a26652" os-version="6.6.87.2-microsoft-standard-WSL2" />
  <culture-info current-culture="en-US" current-uiculture="en-US" />
  <test-suite type="TestFixture" name="Pester" executed="True" result="Success" success="True" time="7.4051" asserts="0" description="Pester">
    <results>
      <test-suite type="TestFixture" name="/workspaces/PSMicrosoftTeams/src/tests/general/strings.Tests.ps1" executed="True" result="Success" success="True" time="7.4051" asserts="0" description="/workspaces/PSMicrosoftTeams/src/tests/general/strings.Tests.ps1">
        <results>
          <test-suite type="TestFixture" name="Testing localization strings" executed="True" result="Success" success="True" time="0.1985" asserts="0" description="Testing localization strings">
            <results>
              <test-suite type="ParameterizedTest" name="Testing localization strings.Should be used &amp; have text: Batch.Invoke" executed="True" result="Success" success="True" time="0.1919" asserts="0" description="Should be used &amp; have text: Batch.Invoke">
                <results>
                  <test-case description="Should be used &amp; have text: Batch.Invoke" name="Testing localization strings.Should be used &amp; have text: Batch.Invoke(@{Language=en-us; Surplus=False; String=Batch.Invoke; StringValues=($payload.Requests.Id -join &quot;,&quot;); Text=Invoke batch command with the following Ids {0}; Line='Batch.Invoke' = 'Invoke batch command with the following Ids {0}' # ($payload.Requests.Id -join &quot;,&quot;); Entries=System.Object[]})" time="0.0262" asserts="0" success="True" result="Success" executed="True" />
                  <test-case description="Should be used &amp; have text: Identity.Connect.Failed" name="Testing localization strings.Should be used &amp; have text: Identity.Connect.Failed" time="0.0034" asserts="0" success="True" result="Success" executed="True" />
                  <test-case description="Should be used &amp; have text: Identity.Disconnect" name="Testing localization strings.Should be used &amp; have text: Identity.Disconnect" time="0.0032" asserts="0" success="True" result="Success" executed="True" />
                  <test-case description="Should be used &amp; have text: Identity.Platform" name="Testing localization strings.Should be used &amp; have text: Identity.Platform" time="0.0039" asserts="0" success="True" result="Success" executed="True" />
                  <test-case description="Should be used &amp; have text: Team.AdditionalProperty" name="Testing localization strings.Should be used &amp; have text: Team.AdditionalProperty" time="0.0088" asserts="0" success="True" result="Success" executed="True" />
                  <test-case description="Should be used &amp; have text: Team.Archive" name="Testing localization strings.Should be used &amp; have text: Team.Archive" time="0.0032" asserts="0" success="True" result="Success" executed="True" />
                  <test-case description="Should be used &amp; have text: Team.Delete" name="Testing localization strings.Should be used &amp; have text: Team.Delete" time="0.0042" asserts="0" success="True" result="Success" executed="True" />
                  <test-case description="Should be used &amp; have text: Team.Filter" name="Testing localization strings.Should be used &amp; have text: Team.Filter" time="0.003" asserts="0" success="True" result="Success" executed="True" />
                  <test-case description="Should be used &amp; have text: Team.Get" name="Testing localization strings.Should be used &amp; have text: Team.Get" time="0.0032" asserts="0" success="True" result="Success" executed="True" />
                  <test-case description="Should be used &amp; have text: Team.Get.Failed" name="Testing localization strings.Should be used &amp; have text: Team.Get.Failed" time="0.0097" asserts="0" success="True" result="Success" executed="True" />
                  <test-case description="Should be used &amp; have text: Team.List" name="Testing localization strings.Should be used &amp; have text: Team.List" time="0.0028" asserts="0" success="True" result="Success" executed="True" />
                  <test-case description="Should be used &amp; have text: Team.New" name="Testing localization strings.Should be used &amp; have text: Team.New" time="0.0037" asserts="0" success="True" result="Success" executed="True" />
                  <test-case description="Should be used &amp; have text: Team.NewTeamFromGroup" name="Testing localization strings.Should be used &amp; have text: Team.NewTeamFromGroup" time="0.0035" asserts="0" success="True" result="Success" executed="True" />
                  <test-case description="Should be used &amp; have text: Team.Set" name="Testing localization strings.Should be used &amp; have text: Team.Set" time="0.0066" asserts="0" success="True" result="Success" executed="True" />
                  <test-case description="Should be used &amp; have text: Team.Unarchive" name="Testing localization strings.Should be used &amp; have text: Team.Unarchive" time="0.0042" asserts="0" success="True" result="Success" executed="True" />
                  <test-case description="Should be used &amp; have text: TeamChannel.Get" name="Testing localization strings.Should be used &amp; have text: TeamChannel.Get" time="0.0029" asserts="0" success="True" result="Success" executed="True" />
                  <test-case description="Should be used &amp; have text: TeamChannel.List" name="Testing localization strings.Should be used &amp; have text: TeamChannel.List" time="0.0059" asserts="0" success="True" result="Success" executed="True" />
                  <test-case description="Should be used &amp; have text: TeamChannel.Message.Send" name="Testing localization strings.Should be used &amp; have text: TeamChannel.Message.Send" time="0.0029" asserts="0" success="True" result="Success" executed="True" />
                  <test-case description="Should be used &amp; have text: TeamChannel.New" name="Testing localization strings.Should be used &amp; have text: TeamChannel.New" time="0.0123" asserts="0" success="True" result="Success" executed="True" />
                  <test-case description="Should be used &amp; have text: TeamChannel.Remove" name="Testing localization strings.Should be used &amp; have text: TeamChannel.Remove" time="0.0045" asserts="0" success="True" result="Success" executed="True" />
                  <test-case description="Should be used &amp; have text: TeamChannelCahnnelMember.Get" name="Testing localization strings.Should be used &amp; have text: TeamChannelCahnnelMember.Get" time="0.0044" asserts="0" success="True" result="Success" executed="True" />
                  <test-case description="Should be used &amp; have text: TeamChannelFilesFolder.Get" name="Testing localization strings.Should be used &amp; have text: TeamChannelFilesFolder.Get" time="0.0037" asserts="0" success="True" result="Success" executed="True" />
                  <test-case description="Should be used &amp; have text: TeamChannelMember.Add" name="Testing localization strings.Should be used &amp; have text: TeamChannelMember.Add" time="0.0101" asserts="0" success="True" result="Success" executed="True" />
                  <test-case description="Should be used &amp; have text: TeamChannelMember.Remove" name="Testing localization strings.Should be used &amp; have text: TeamChannelMember.Remove" time="0.0046" asserts="0" success="True" result="Success" executed="True" />
                  <test-case description="Should be used &amp; have text: TeamMember.Add" name="Testing localization strings.Should be used &amp; have text: TeamMember.Add" time="0.0039" asserts="0" success="True" result="Success" executed="True" />
                  <test-case description="Should be used &amp; have text: TeamMember.List" name="Testing localization strings.Should be used &amp; have text: TeamMember.List" time="0.0027" asserts="0" success="True" result="Success" executed="True" />
                  <test-case description="Should be used &amp; have text: TeamMember.Remove" name="Testing localization strings.Should be used &amp; have text: TeamMember.Remove" time="0.0096" asserts="0" success="True" result="Success" executed="True" />
                  <test-case description="Should be used &amp; have text: TeamMember.Remove.MembershipId" name="Testing localization strings.Should be used &amp; have text: TeamMember.Remove.MembershipId" time="0.0058" asserts="0" success="True" result="Success" executed="True" />
                  <test-case description="Should be used &amp; have text: User.Filter" name="Testing localization strings.Should be used &amp; have text: User.Filter" time="0.0029" asserts="0" success="True" result="Success" executed="True" />
                  <test-case description="Should be used &amp; have text: User.Get" name="Testing localization strings.Should be used &amp; have text: User.Get" time="0.0094" asserts="0" success="True" result="Success" executed="True" />
                  <test-case description="Should be used &amp; have text: User.Get.Failed" name="Testing localization strings.Should be used &amp; have text: User.Get.Failed" time="0.0055" asserts="0" success="True" result="Success" executed="True" />
                  <test-case description="Should be used &amp; have text: User.List" name="Testing localization strings.Should be used &amp; have text: User.List" time="0.0028" asserts="0" success="True" result="Success" executed="True" />
                  <test-case description="Should be used &amp; have text: User.Name" name="Testing localization strings.Should be used &amp; have text: User.Name" time="0.0031" asserts="0" success="True" result="Success" executed="True" />
                  <test-case description="Should be used &amp; have text: Webhook.Message.Send" name="Testing localization strings.Should be used &amp; have text: Webhook.Message.Send" time="0.0055" asserts="0" success="True" result="Success" executed="True" />
                </results>
              </test-suite>
            </results>
          </test-suite>
        </results>
      </test-suite>
    </results>
  </test-suite>
</test-results>