<?xml version="1.0" encoding="utf-8" standalone="no"?>
<test-results xmlns:xsi="http://www.w3.org/2001/XMLSchema-instance" xsi:noNamespaceSchemaLocation="nunit_schema_2.5.xsd" name="Pester" total="3" errors="0" failures="0" not-run="0" inconclusive="0" ignored="0" skipped="0" invalid="0" date="2026-02-12" time="14:01:08">
  <environment user="root" nunit-version="2.5.8.0" clr-version="9.0.1" os-version="6.6.87.2-microsoft-standard-WSL2" machine-name="dfab52a26652" user-domain="" platform="Linux" cwd="/workspaces/PSMicrosoftTeams/src" />
  <culture-info current-culture="en-US" current-uiculture="en-US" />
  <test-suite type="TestFixture" name="Pester" executed="True" result="Success" success="True" time="0.1834" asserts="0" description="Pester">
    <results>
      <test-suite type="TestFixture" name="/workspaces/PSMicrosoftTeams/src/tests/functions/channel/Remove-PSMsTeamsTeamChannel.Tests.ps1" executed="True" result="Success" success="True" time="0.1834" asserts="0" description="/workspaces/PSMicrosoftTeams/src/tests/functions/channel/Remove-PSMsTeamsTeamChannel.Tests.ps1">
        <results>
          <test-suite type="TestFixture" name="Remove-PSMsTeamsTeamChannel" executed="True" result="Success" success="True" time="0.1218" asserts="0" description="Remove-PSMsTeamsTeamChannel">
            <results>
              <test-suite type="TestFixture" name="Remove-PSMsTeamsTeamChannel.Parameter validation" executed="True" result="Success" success="True" time="0.0406" asserts="0" description="Remove-PSMsTeamsTeamChannel.Parameter validation">
                <results>
                  <test-case description="Should support ShouldProcess with High ConfirmImpact" name="Remove-PSMsTeamsTeamChannel.Parameter validation.Should support ShouldProcess with High ConfirmImpact" time="0.0382" asserts="0" success="True" result="Success" executed="True" />
                </results>
              </test-suite>
              <test-suite type="TestFixture" name="Remove-PSMsTeamsTeamChannel.Deleting a channel" executed="True" result="Success" success="True" time="0.0953" asserts="0" description="Remove-PSMsTeamsTeamChannel.Deleting a channel">
                <results>
                  <test-case description="Should resolve team and DELETE specific channel" name="Remove-PSMsTeamsTeamChannel.Deleting a channel.Should resolve team and DELETE specific channel" time="0.0512" asserts="0" success="True" result="Success" executed="True" />
                </results>
              </test-suite>
              <test-suite type="TestFixture" name="Remove-PSMsTeamsTeamChannel.Pipeline input" executed="True" result="Success" success="True" time="0.1188" asserts="0" description="Remove-PSMsTeamsTeamChannel.Pipeline input">
                <results>
                  <test-case description="Should accept Channel from pipeline by property name" name="Remove-PSMsTeamsTeamChannel.Pipeline input.Should accept Channel from pipeline by property name" time="0.0211" asserts="0" success="True" result="Success" executed="True" />
                </results>
              </test-suite>
            </results>
          </test-suite>
        </results>
      </test-suite>
    </results>
  </test-suite>
</test-results>